4 103 136 91 16
1 98
1 205
2 96 35
2 174 255
2 32 20
2 29 238
3 13 230 181
1 112
2 277 219
2 172 31
5 87 80 193 284 250
5 168 296 58 282 266
2 204 51
4 299 225 222 264
3 95 28 223
3 15 239 115
2 241 78
5 184 7 290 40 292
3 137 214 196
2 128 265
2 122 55
2 102 242
4 24 187 157 182
3 227 244 106
2 146 289
2 202 155
4 134 218 217 12
3 144 50 192
5 249 246 56 185 145
3 273 64 152
2 254 67
5 116 148 18 158 280
2 82 104
3 263 3 66
2 14 59
2 121 141
4 294 74 295 176
2 26 142
2 191 17
3 107 268 71
2 209 100
6 34 275 162 38 86 228
2 68 43
2 111 252
3 171 236 215
4 286 150 271 154
3 105 207 297
2 27 30
2 243 120
5 85 159 261 253 288
2 258 251
2 89 231
2 11 126
2 163 206
3 267 61 262
3 285 170 47
2 298 279
4 210 200 109 186
2 117 256
2 22 229
6 0 164 203 19 6 270
3 60 177 97
5 212 62 44 140 46
5 216 75 125 160 233
2 147 194
3 198 23 37
3 57 73 240
2 197 143
2 195 272
3 156 269 69
3 63 237 1
2 190 123
2 114 135
4 259 79 90 189
2 48 94
2 93 178
2 42 208
4 220 226 235 84
2 101 278
3 129 76 293
2 25 153
4 161 113 118 9
3 21 131 52
2 70 173
3 245 283 49
5 88 133 213 10 77
2 287 211
2 83 247
3 232 81 169
2 119 257
6 180 4 260 53 138 149
2 5 151
3 39 291 274
4 276 166 201 132
2 139 175
5 72 127 188 248 183
5 8 92 281 199 130
2 45 165
3 224 124 2
