62 126 55 177 250 384 474 565 722 807 893 927 999 1119 1175 1229 1332 1405 1478 1597 1702 1735 1823 1972 2105 2191 2322 2412 2504 2624 2668 2701 2763 2871 2897 2988 2997 3044 3103 3207 3303 3386 3515 3538 3619 3725 3801 3863 3916 3939 3990 4047 4101 4190 4256 4361 4486 4572 4637 4775 4923 5139 7092
62 10 33 163 247 334 368 493 595 678 797 853 937 1010 1150 1200 1257 1313 1381 1496 1588 1648 1724 1776 1903 1950 1989 2066 2134 2224 2272 2356 2426 2467 2553 2584 2641 2724 2759 2818 2888 2983 3060 3203 3335 3395 3488 3559 3693 3777 3847 3893 3992 4038 4138 4255 4413 4527 4589 4649 4706 4755 4852
68 50 45 109 205 245 280 422 571 583 676 775 835 924 989 1031 1139 1230 1278 1378 1439 1519 1584 1625 1771 1814 1873 1983 2070 2164 2307 2475 2537 2628 2683 2779 2846 2913 2974 3057 3091 3166 3216 3300 3391 3443 3473 3531 3605 3653 3768 3853 3901 3970 4043 4079 4183 4251 4318 4422 4478 4542 4580 4606 4685 4738 4848 4904 5067
65 152 77 194 317 349 436 518 573 641 691 744 813 894 970 1061 1110 1197 1273 1343 1438 1512 1568 1698 1788 1845 1937 2006 2117 2165 2275 2377 2514 2551 2608 2645 2698 2774 2900 2975 3038 3139 3234 3344 3416 3518 3598 3672 3772 3840 3914 3952 4007 4104 4156 4210 4279 4333 4407 4433 4511 4592 4648 4707 4814 5060
63 0 101 277 376 465 512 574 702 812 915 1004 1048 1133 1267 1327 1426 1530 1589 1656 1734 1791 1861 1968 2049 2184 2280 2408 2480 2550 2631 2700 2798 2918 2958 3047 3114 3138 3215 3289 3357 3421 3513 3567 3675 3732 3754 3866 3966 4052 4107 4188 4234 4296 4325 4387 4460 4560 4588 4675 4744 4788 5147 7577
57 20 141 264 305 342 432 525 606 652 726 768 866 895 1021 1149 1227 1357 1459 1543 1590 1696 1782 1856 1924 2011 2106 2279 2313 2359 2510 2626 2715 2802 2867 2923 3049 3163 3257 3341 3378 3479 3662 3737 3790 3824 3891 3986 4067 4145 4227 4320 4399 4499 4552 4635 4733 4868
58 8 43 161 268 313 426 519 576 662 708 770 824 917 982 1068 1147 1316 1373 1413 1533 1718 1806 1907 2041 2093 2166 2228 2298 2337 2405 2562 2605 2664 2791 2892 3019 3123 3199 3256 3329 3435 3530 3641 3718 3803 3849 3954 4006 4056 4112 4221 4298 4426 4574 4650 4673 4740 4824
57 120 133 233 319 377 505 577 645 706 832 891 969 1064 1205 1244 1318 1464 1577 1636 1653 1714 1811 1882 1927 2030 2147 2215 2349 2454 2532 2685 2766 2895 3056 3104 3149 3191 3226 3366 3542 3670 3735 3799 3845 3884 4008 4097 4142 4195 4280 4357 4459 4553 4610 4711 4901 8392
58 72 5 168 276 379 435 527 668 724 777 851 941 1022 1129 1191 1283 1389 1446 1518 1574 1707 1825 1962 2064 2156 2238 2292 2360 2415 2509 2590 2655 2730 2795 2880 3023 3113 3189 3268 3342 3470 3499 3564 3676 3748 3812 3948 3975 4045 4148 4238 4250 4317 4375 4476 4590 4656 4829
60 52 89 272 325 354 484 615 671 727 878 953 1047 1097 1144 1203 1266 1328 1407 1466 1548 1619 1680 1747 1841 1921 1979 2022 2111 2197 2324 2422 2466 2545 2638 2753 2820 2861 2944 3075 3179 3232 3304 3384 3490 3595 3661 3793 3923 3999 4073 4117 4169 4254 4383 4465 4583 4654 4721 4796 5042
63 18 63 216 253 351 406 503 593 711 798 946 1007 1101 1181 1264 1323 1362 1416 1513 1607 1685 1762 1817 1854 1986 2072 2131 2235 2301 2400 2489 2583 2623 2702 2826 2890 2972 3068 3135 3173 3255 3280 3349 3418 3477 3579 3663 3724 3828 3928 3982 4055 4149 4230 4281 4350 4420 4473 4561 4608 4682 4753 4782
65 90 103 221 320 371 446 490 542 660 714 802 876 963 1034 1146 1222 1344 1386 1427 1472 1563 1662 1753 1860 1949 2038 2107 2186 2248 2262 2312 2363 2434 2568 2657 2756 2827 2964 3072 3109 3194 3253 3360 3432 3471 3521 3622 3667 3759 3825 3885 3943 4029 4088 4150 4193 4244 4305 4362 4462 4554 4596 4705 4826 5035
61 34 95 170 256 385 413 504 592 731 847 918 1018 1074 1153 1232 1298 1351 1412 1493 1542 1572 1679 1783 1866 1920 1990 2068 2116 2231 2357 2448 2515 2613 2711 2782 2829 2943 3041 3117 3202 3263 3340 3377 3520 3613 3680 3782 3815 3979 4030 4071 4122 4222 4312 4367 4431 4474 4543 4630 4749 4812
65 104 71 153 204 265 353 461 498 545 655 719 748 794 856 928 1023 1102 1142 1195 1296 1350 1424 1516 1594 1667 1781 1878 1957 2004 2089 2174 2217 2270 2348 2404 2555 2669 2739 2852 2933 3070 3165 3223 3269 3351 3434 3563 3626 3715 3814 3831 3909 3958 4004 4089 4177 4236 4314 4408 4470 4547 4666 4769 4910 5301
60 46 83 222 318 390 514 581 686 819 959 1071 1114 1253 1306 1395 1444 1462 1521 1614 1733 1842 1932 1998 2098 2167 2268 2334 2399 2456 2566 2606 2714 2784 2877 2946 2999 3025 3107 3195 3259 3326 3409 3447 3556 3666 3690 3763 3827 3904 3968 4033 4146 4235 4319 4396 4541 4633 4698 4776 5865
68 16 121 182 249 397 453 480 517 644 750 796 859 934 1024 1124 1221 1307 1341 1384 1458 1523 1670 1766 1833 1912 1964 2065 2138 2183 2234 2320 2352 2409 2503 2544 2635 2712 2832 2876 2909 2942 3014 3085 3157 3208 3233 3317 3393 3463 3543 3615 3664 3774 3848 3931 3984 4078 4174 4199 4253 4327 4421 4507 4576 4659 4734 4804 8640
66 48 47 162 229 345 417 463 541 599 648 690 735 742 783 867 939 997 1091 1249 1409 1504 1565 1676 1759 1863 1959 2015 2054 2108 2176 2285 2403 2523 2618 2674 2705 2792 2849 2928 3001 3098 3230 3314 3400 3480 3553 3588 3639 3700 3750 3780 3830 4005 4129 4159 4240 4287 4415 4454 4540 4614 4683 4719 4798 4854 5577
61 116 169 259 383 455 538 609 703 787 901 952 998 1046 1086 1184 1228 1337 1467 1553 1632 1765 1804 1905 1997 2050 2129 2195 2263 2338 2470 2627 2734 2815 2856 2940 3062 3171 3225 3333 3420 3454 3540 3654 3792 3907 3967 4019 4085 4175 4308 4373 4448 4491 4557 4632 4680 4727 4762 4787 4912 5336
60 150 29 196 335 418 540 618 658 698 756 805 870 933 1083 1128 1225 1346 1365 1453 1532 1603 1708 1812 1862 1904 1991 2048 2209 2237 2311 2388 2464 2517 2581 2691 2788 2917 3003 3090 3160 3248 3394 3517 3584 3640 3722 3841 3900 3997 4084 4164 4242 4332 4489 4570 4638 4773 4917 5304 6919
61 22 1 172 270 339 481 611 637 718 836 898 956 1035 1107 1141 1219 1372 1550 1652 1693 1769 1850 1885 1936 1984 2045 2102 2201 2274 2393 2455 2477 2597 2676 2762 2841 2982 3086 3146 3246 3312 3354 3429 3555 3612 3677 3813 3879 3917 4080 4109 4181 4275 4328 4423 4477 4537 4603 4708 4833 9422
55 138 113 218 286 410 488 567 688 747 849 994 1072 1152 1261 1295 1383 1477 1571 1626 1722 1778 1831 1915 2000 2150 2303 2385 2439 2527 2591 2708 2786 2857 2991 3065 3184 3227 3307 3422 3484 3590 3679 3770 3855 3980 4063 4144 4225 4381 4480 4581 4690 4791 5015 7038
64 94 39 178 241 337 409 457 520 586 650 707 800 908 950 1044 1167 1198 1288 1397 1460 1591 1728 1810 1940 2039 2159 2204 2259 2386 2522 2640 2722 2783 2834 2882 2967 3029 3073 3205 3267 3376 3428 3482 3544 3594 3723 3786 3843 3862 3935 3978 4021 4065 4137 4226 4300 4377 4427 4497 4563 4615 4684 4742 5389
59 28 31 187 274 344 429 470 622 704 741 808 850 909 990 1111 1234 1262 1338 1396 1479 1601 1700 1829 1960 2121 2205 2252 2331 2419 2507 2570 2607 2690 2830 2935 2992 3054 3131 3239 3338 3387 3464 3630 3665 3719 3820 3890 3969 4044 4093 4166 4246 4330 4382 4479 4631 4717 4838 5131
59 38 9 201 283 323 363 456 529 568 680 751 817 907 975 1123 1233 1342 1507 1596 1647 1694 1853 1971 2083 2202 2296 2437 2498 2573 2651 2677 2737 2787 2912 3037 3108 3156 3261 3404 3507 3552 3645 3751 3817 3906 3940 4018 4075 4218 4316 4369 4444 4488 4569 4658 4732 4778 5008 5146
59 154 176 275 369 411 530 589 689 730 774 883 920 1005 1079 1171 1251 1360 1514 1541 1688 1774 1859 1926 1963 2051 2148 2212 2283 2341 2468 2603 2694 2775 2828 2884 2937 2994 3058 3175 3238 3310 3405 3467 3534 3616 3739 3791 3912 4028 4118 4285 4351 4472 4519 4594 4677 4759 4793 4965
61 106 165 262 340 450 516 594 653 709 784 827 875 942 1015 1092 1117 1294 1421 1491 1581 1655 1764 1830 1934 2047 2109 2173 2250 2314 2384 2460 2473 2540 2617 2688 2809 2889 2971 3046 3089 3198 3241 3313 3346 3476 3600 3692 3795 3836 3921 3956 4069 4158 4266 4386 4455 4533 4619 4687 4770 5226
63 142 67 219 282 328 401 475 537 656 780 865 936 1025 1075 1187 1245 1364 1447 1569 1593 1616 1699 1754 1807 1875 1918 2019 2118 2194 2288 2306 2373 2431 2542 2656 2748 2819 2858 2914 3005 3031 3158 3204 3279 3322 3412 3474 3560 3621 3687 3797 3910 3972 4060 4243 4295 4372 4518 4586 4640 4724 4805 5002
63 78 215 314 424 511 608 694 823 862 929 973 1027 1134 1218 1281 1380 1445 1524 1612 1709 1795 1865 1906 1966 2087 2149 2180 2281 2380 2488 2563 2599 2684 2723 2769 2808 2886 2981 3039 3125 3187 3301 3365 3433 3481 3501 3549 3607 3646 3749 3878 3974 4074 4110 4212 4337 4394 4458 4531 4613 4686 4763 4835
61 54 93 192 260 338 443 570 684 791 900 979 1063 1168 1255 1314 1352 1430 1509 1605 1629 1727 1818 1945 2078 2144 2178 2278 2328 2451 2499 2637 2732 2831 2903 2936 3004 3052 3132 3211 3291 3401 3445 3505 3545 3706 3804 3915 3983 4054 4092 4161 4228 4264 4353 4395 4502 4595 4667 4745 4784 5267
61 84 73 217 291 373 447 550 629 685 745 830 884 926 1054 1125 1272 1336 1393 1498 1602 1684 1763 1836 1941 2042 2168 2257 2299 2407 2501 2554 2662 2695 2720 2780 2825 2934 3080 3169 3277 3330 3411 3516 3568 3648 3717 3752 3856 3951 4034 4154 4247 4303 4379 4397 4485 4567 4634 4710 4792 4885
60 88 23 137 211 290 395 438 560 631 773 840 914 1050 1126 1202 1305 1355 1448 1481 1544 1608 1705 1840 1901 1999 2062 2110 2185 2289 2401 2484 2569 2630 2681 2760 2927 3016 3092 3154 3192 3270 3339 3472 3533 3634 3736 3796 3829 3908 4039 4126 4232 4304 4384 4425 4524 4628 4722 4887 5380
54 86 85 300 416 491 590 696 854 972 1065 1182 1248 1404 1510 1570 1631 1750 1835 1910 2001 2063 2099 2187 2242 2326 2440 2490 2533 2587 2678 2793 2869 2941 3022 3111 3185 3282 3367 3427 3527 3651 3740 3802 3851 3941 4036 4130 4272 4356 4439 4456 4597 4661 4849
64 124 7 184 227 330 404 445 473 562 651 758 825 902 932 986 1013 1115 1208 1286 1375 1494 1555 1657 1741 1826 1943 2028 2124 2177 2244 2378 2421 2543 2625 2758 2837 2896 3009 3063 3172 3242 3294 3336 3423 3466 3524 3569 3635 3682 3707 3762 3806 3913 3963 4087 4208 4274 4404 4471 4517 4593 4679 4875 5090
57 132 159 252 357 431 534 687 738 799 843 896 962 1055 1078 1109 1196 1277 1363 1469 1536 1599 1687 1751 1839 1930 2020 2074 2171 2225 2344 2423 2518 2636 2749 2833 2868 2924 2984 3096 3142 3210 3356 3459 3525 3629 3694 3787 3895 4066 4147 4209 4335 4475 4551 4624 4704 4830
62 110 57 119 236 285 326 391 420 486 549 640 792 864 935 996 1148 1263 1308 1366 1442 1485 1557 1623 1703 1787 1821 1895 1981 2071 2170 2227 2355 2453 2556 2687 2794 2926 3026 3116 3152 3209 3292 3319 3370 3397 3442 3535 3592 3658 3784 3837 3920 3962 4016 4103 4200 4331 4391 4506 4627 4746 4841
61 158 81 123 191 246 358 502 572 753 828 906 1051 1103 1170 1321 1356 1417 1463 1564 1651 1720 1748 1794 1925 1969 2076 2157 2297 2376 2485 2526 2604 2699 2750 2862 2906 2976 3074 3115 3143 3214 3320 3444 3526 3573 3698 3785 3822 3929 3971 4017 4179 4289 4390 4453 4529 4664 4730 4765 4844 5514
59 98 131 226 303 439 476 585 720 860 913 1009 1029 1089 1151 1256 1325 1431 1500 1604 1669 1740 1772 1815 1883 1965 2058 2154 2232 2251 2362 2461 2586 2718 2799 2878 2947 3059 3159 3236 3296 3382 3469 3580 3610 3638 3753 3788 3894 4022 4135 4268 4398 4501 4565 4651 4701 4810 4884 5285
52 148 21 175 298 350 421 559 649 767 816 910 1003 1105 1239 1315 1443 1483 1610 1803 1864 1953 2096 2223 2302 2354 2483 2578 2717 2885 3000 3084 3145 3244 3306 3375 3461 3550 3632 3778 3937 4013 4091 4171 4205 4323 4468 4544 4625 4691 4747 4801 4866
55 44 125 209 301 386 423 561 681 766 841 951 1016 1059 1163 1199 1304 1422 1554 1643 1713 1773 1855 1917 2021 2067 2182 2222 2309 2370 2465 2495 2601 2659 2822 2951 3030 3088 3182 3224 3305 3364 3460 3589 3712 3805 3835 3924 4042 4168 4213 4342 4469 4577 4723 4846
56 12 147 281 365 415 506 558 625 710 869 967 1069 1145 1213 1246 1301 1371 1488 1562 1615 1731 1808 1877 2025 2122 2193 2236 2308 2392 2481 2559 2649 2771 2851 2908 2980 3106 3183 3359 3452 3623 3681 3832 3864 3953 4061 4140 4215 4269 4348 4374 4443 4525 4636 4713 4811
55 32 97 207 279 336 483 584 642 779 945 1066 1131 1192 1291 1432 1502 1582 1627 1732 1790 1857 1948 2052 2127 2255 2333 2429 2534 2592 2611 2692 2765 2816 2870 2953 3008 3081 3190 3334 3486 3582 3710 3819 3898 3981 4090 4133 4184 4259 4371 4441 4504 4568 4714 4874
65 6 87 232 362 444 544 638 739 804 886 971 1057 1093 1172 1214 1310 1353 1440 1528 1633 1666 1717 1775 1913 2002 2055 2113 2172 2261 2346 2395 2520 2575 2596 2679 2754 2789 2887 2962 3021 3134 3281 3324 3390 3446 3494 3571 3650 3721 3826 3886 4012 4120 4153 4178 4241 4290 4326 4452 4536 4644 4716 4819 4881 5424
60 4 13 65 208 292 393 477 556 605 663 769 848 921 1006 1116 1216 1329 1361 1408 1437 1484 1545 1646 1721 1801 1909 2033 2133 2282 2394 2496 2589 2663 2686 2797 2855 2915 2969 3110 3176 3315 3419 3465 3537 3551 3631 3713 3773 3858 3911 3993 4106 4152 4217 4321 4370 4532 4600 4696 4785
65 134 190 237 297 359 462 557 600 682 757 810 837 888 1011 1070 1159 1243 1333 1374 1487 1566 1640 1725 1819 1876 2003 2100 2139 2192 2245 2300 2351 2406 2449 2579 2644 2696 2755 2850 2985 3102 3170 3286 3332 3448 3502 3575 3620 3642 3695 3738 3850 3964 4025 4086 4151 4273 4385 4437 4500 4566 4676 4739 4786 4870
58 68 11 224 287 346 552 630 762 861 981 1085 1183 1331 1376 1399 1489 1546 1663 1695 1796 1891 1923 2007 2160 2256 2305 2375 2427 2512 2576 2719 2770 2847 2979 3082 3247 3288 3352 3487 3557 3578 3671 3703 3807 3868 3946 4024 4108 4165 4219 4263 4336 4412 4515 4626 4726 4794 5129
62 24 107 220 284 388 442 487 536 601 715 790 944 1000 1095 1160 1238 1309 1418 1482 1609 1697 1761 1827 1887 1996 2091 2132 2198 2347 2435 2516 2661 2745 2781 2881 2968 3051 3133 3213 3283 3392 3456 3504 3593 3678 3709 3781 3818 3905 3960 4026 4132 4214 4252 4282 4349 4442 4585 4674 4748 4802 5697
64 128 79 189 296 372 434 522 604 667 778 844 923 1060 1121 1169 1215 1300 1358 1410 1497 1551 1624 1690 1793 1858 1892 1931 2017 2097 2142 2207 2316 2365 2462 2487 2541 2610 2743 2773 2891 2986 3078 3136 3193 3284 3396 3532 3609 3689 3742 3852 4010 4070 4170 4257 4360 4487 4562 4591 4623 4720 4783 4808 5361
62 26 3 166 261 396 437 551 603 634 728 809 842 938 987 1053 1158 1312 1475 1595 1658 1730 1755 1816 1893 1958 2023 2075 2135 2210 2273 2366 2457 2508 2567 2612 2658 2716 2835 2966 3024 3069 3155 3237 3298 3358 3439 3475 3566 3697 3800 3902 3930 3989 4077 4162 4313 4417 4493 4548 4692 4815 5276
62 36 27 179 240 387 460 523 587 673 788 897 968 1030 1132 1177 1240 1302 1402 1511 1587 1650 1704 1770 1897 1975 2090 2241 2368 2471 2557 2647 2738 2842 2894 2921 3002 3077 3140 3164 3265 3316 3385 3503 3603 3643 3747 3779 3808 3883 3973 4014 4116 4191 4271 4392 4436 4482 4556 4643 4728 4777 5027
58 80 35 157 212 269 364 479 591 643 772 831 889 955 1040 1136 1250 1282 1391 1480 1531 1628 1686 1737 1828 1928 2010 2094 2179 2286 2390 2478 2643 2747 2848 2952 2993 3048 3126 3153 3274 3353 3451 3562 3696 3764 3857 4001 4072 4167 4224 4293 4365 4416 4530 4609 4709 4781 5076
60 62 149 223 294 392 494 578 614 699 838 957 1062 1186 1242 1279 1392 1552 1630 1691 1779 1849 1894 1985 2069 2136 2199 2336 2442 2536 2595 2713 2811 2938 3042 3083 3201 3266 3318 3410 3483 3528 3570 3628 3685 3733 3823 3889 3988 4049 4115 4220 4378 4449 4508 4558 4645 4741 4780 4845 5045
55 30 171 263 331 394 495 569 635 781 863 1017 1098 1176 1252 1299 1398 1434 1547 1661 1745 1908 1992 2057 2140 2211 2294 2358 2459 2513 2564 2654 2725 2800 2854 2959 3053 3101 3188 3299 3368 3440 3587 3704 3767 3860 3936 4048 4102 4194 4329 4409 4467 4495 4611 4731
65 70 105 231 312 405 482 521 620 683 789 877 949 1042 1164 1241 1285 1339 1414 1490 1592 1637 1711 1802 1881 1954 2092 2175 2335 2379 2432 2493 2521 2588 2646 2697 2772 2805 2899 2945 3020 3099 3222 3350 3374 3398 3491 3636 3708 3758 3869 4027 4099 4160 4231 4267 4344 4440 4503 4555 4607 4660 4718 4817 4922 6420
65 60 127 173 203 289 374 467 575 723 821 974 1012 1084 1090 1166 1271 1367 1425 1505 1573 1606 1668 1785 1902 1939 1994 2031 2126 2189 2264 2321 2389 2430 2539 2629 2703 2776 2853 2920 2931 3007 3050 3181 3229 3321 3371 3438 3548 3647 3731 3769 3861 3899 3947 3995 4113 4223 4276 4411 4483 4521 4617 4725 4803 4939
67 102 151 188 248 389 449 531 639 701 733 764 834 911 960 1045 1137 1259 1303 1354 1423 1471 1534 1617 1659 1706 1756 1852 1886 2032 2077 2153 2265 2327 2391 2438 2494 2565 2619 2693 2764 2843 2907 2949 3011 3067 3167 3243 3381 3449 3519 3601 3691 3783 3854 3887 4002 4053 4125 4182 4299 4401 4492 4545 4629 4735 4806 4888
65 96 143 235 251 309 347 458 543 619 669 776 839 919 991 1041 1143 1220 1274 1401 1486 1515 1611 1712 1752 1792 1916 2040 2086 2155 2318 2381 2441 2511 2548 2593 2652 2824 2956 3036 3105 3162 3250 3311 3402 3457 3493 3539 3597 3649 3727 3870 3932 4020 4131 4245 4306 4368 4445 4512 4616 4663 4751 4800 4929 5020
62 136 186 234 324 348 454 533 626 692 803 882 965 1008 1033 1108 1140 1260 1320 1411 1503 1561 1638 1719 1809 1938 1993 2082 2188 2218 2277 2382 2474 2535 2622 2689 2721 2785 2838 2919 3028 3180 3260 3348 3424 3498 3581 3716 3745 3775 3844 3880 4003 4082 4143 4216 4302 4405 4461 4579 4657 4766 5842
64 140 19 145 225 278 316 378 419 510 555 607 657 695 759 852 992 1082 1135 1190 1237 1317 1406 1452 1517 1598 1639 1738 1832 1899 1995 2037 2088 2246 2325 2396 2482 2561 2665 2727 2836 2990 3118 3127 3249 3362 3425 3453 3572 3627 3705 3765 3873 3976 4040 4127 4192 4283 4358 4466 4546 4599 4695 4758 4816
62 64 164 230 308 414 441 509 546 610 754 822 892 977 1052 1096 1118 1165 1269 1387 1451 1525 1645 1683 1760 1868 1944 2044 2103 2152 2219 2310 2416 2528 2650 2814 2910 2961 3017 3121 3264 3373 3495 3558 3586 3652 3701 3877 3926 4023 4100 4197 4261 4355 4388 4490 4538 4605 4662 4743 4764 4860 7124
55 146 91 200 255 315 343 433 524 633 771 873 940 1073 1224 1293 1429 1474 1558 1681 1799 1884 1976 2034 2081 2203 2323 2350 2418 2463 2546 2615 2709 2813 2929 3012 3178 3295 3323 3383 3441 3509 3644 3686 3809 3865 3955 4031 4119 4207 4258 4393 4522 4669 4771 5120
60 144 185 293 380 428 466 580 697 782 806 858 954 1019 1112 1210 1324 1385 1449 1527 1641 1677 1746 1820 1880 1933 1978 2036 2125 2208 2287 2345 2428 2549 2614 2706 2790 2865 2939 3010 3064 3186 3275 3403 3497 3617 3734 3833 3892 3961 4064 4173 4260 4311 4363 4406 4523 4575 4697 4774 6255
59 100 15 199 302 427 526 646 743 887 993 1113 1201 1275 1349 1436 1501 1567 1723 1837 1900 1919 2027 2079 2146 2158 2220 2290 2417 2529 2671 2704 2757 2911 3006 3119 3220 3285 3361 3436 3500 3576 3625 3674 3766 3867 3934 4009 4134 4187 4288 4345 4434 4494 4584 4668 4736 4827 4896 7678
59 58 41 206 341 412 501 528 616 628 675 737 845 916 1043 1173 1209 1290 1379 1576 1692 1800 1851 1942 2005 2084 2161 2254 2332 2402 2502 2600 2634 2740 2817 2954 2996 3093 3168 3231 3331 3415 3510 3554 3633 3714 3798 3876 3957 4046 4083 4180 4237 4347 4484 4573 4703 4754 4882 9264
59 66 61 193 306 370 535 627 679 725 846 885 931 1026 1212 1311 1420 1470 1529 1586 1671 1749 1813 1879 1955 2012 2059 2190 2239 2266 2364 2447 2602 2673 2746 2839 2873 2960 3061 3129 3272 3309 3408 3529 3599 3699 3741 3882 3949 4050 4111 4206 4270 4339 4446 4516 4604 4681 4822 5024
61 112 167 288 332 381 440 500 596 665 713 785 890 964 1001 1081 1156 1236 1334 1390 1455 1578 1644 1729 1872 1952 2013 2115 2200 2258 2367 2505 2585 2675 2707 2801 2925 3055 3124 3251 3380 3426 3577 3614 3726 3875 3996 4051 4121 4186 4265 4340 4389 4429 4463 4528 4578 4642 4737 4772 4813 6684
64 14 69 181 238 352 398 499 564 598 664 761 815 881 958 1076 1188 1258 1340 1394 1465 1522 1556 1654 1758 1847 1911 1982 2141 2206 2291 2413 2458 2547 2598 2682 2761 2898 2916 3027 3177 3262 3363 3485 3561 3602 3683 3728 3760 3903 3944 3994 4095 4123 4239 4286 4352 4430 4481 4509 4601 4653 4715 4789 4857
64 40 51 183 273 304 355 452 554 621 672 721 857 912 980 1049 1130 1217 1254 1319 1476 1580 1618 1673 1789 1870 1922 1987 2046 2123 2243 2315 2414 2472 2530 2666 2768 2864 2883 2965 3013 3035 3087 3150 3197 3252 3287 3399 3512 3606 3669 3776 3839 3918 3998 4068 4157 4233 4301 4428 4539 4665 4699 4768 8740
63 118 117 244 329 361 489 602 674 736 814 943 988 1058 1104 1162 1207 1292 1345 1473 1535 1649 1689 1786 1874 1951 2018 2145 2221 2269 2330 2387 2425 2436 2538 2594 2729 2767 2812 2875 2973 3040 3144 3200 3254 3355 3458 3523 3574 3618 3744 3881 3965 4035 4124 4189 4262 4354 4424 4571 4652 4729 4840 6047
60 108 174 210 295 366 459 496 613 670 765 833 925 1028 1157 1284 1388 1457 1520 1600 1660 1726 1844 1888 1974 2043 2128 2284 2353 2397 2450 2479 2531 2582 2621 2744 2821 2930 2977 3043 3112 3161 3276 3379 3468 3546 3660 3761 3816 3897 4011 4098 4196 4294 4364 4403 4513 4621 4678 4752 4957
64 76 111 213 299 402 471 553 647 755 872 903 947 1014 1087 1161 1211 1330 1369 1433 1540 1583 1682 1798 1889 1970 2073 2181 2247 2329 2383 2420 2500 2580 2670 2778 2840 2955 3076 3137 3217 3258 3302 3347 3413 3492 3541 3596 3655 3730 3811 3846 3888 3927 4037 4096 4185 4291 4366 4400 4534 4641 4760 4807 4990
62 122 59 195 257 333 360 492 548 636 712 793 922 961 1020 1099 1204 1223 1289 1377 1492 1560 1635 1767 1914 2024 2119 2216 2267 2317 2398 2411 2525 2639 2751 2823 2866 2922 2978 3097 3147 3218 3273 3372 3462 3514 3611 3711 3771 3842 3933 3985 4081 4176 4292 4334 4435 4510 4550 4612 4702 4757 4799
62 2 155 310 400 451 497 582 654 717 749 801 904 985 1038 1154 1206 1268 1368 1461 1613 1675 1715 1739 1797 1848 1956 2014 2101 2240 2340 2443 2558 2667 2741 2844 2901 2963 3045 3130 3235 3308 3389 3431 3496 3547 3637 3702 3810 3874 3925 3942 3991 4105 4203 4309 4346 4410 4450 4564 4646 4689 4795
62 74 75 180 271 356 469 539 700 786 818 871 948 1036 1088 1178 1231 1359 1382 1506 1585 1664 1784 1890 1946 1967 2035 2104 2233 2304 2343 2452 2519 2577 2633 2726 2807 2863 2998 3100 3174 3212 3245 3278 3327 3406 3478 3522 3657 3756 3834 3977 4041 4155 4248 4341 4376 4464 4520 4598 4647 4700 4825
62 160 37 197 267 367 478 566 612 661 760 855 976 1100 1138 1189 1265 1403 1495 1642 1710 1744 1846 1947 1977 2026 2120 2169 2226 2260 2369 2506 2616 2728 2803 2902 2995 3033 3071 3120 3219 3271 3337 3430 3506 3604 3688 3755 3871 4000 4058 4128 4172 4278 4343 4419 4498 4582 4670 4750 4834 5187 5957
62 82 139 239 307 375 464 515 579 624 740 880 995 1039 1120 1185 1247 1419 1454 1508 1579 1674 1805 1838 1898 1988 2053 2130 2214 2293 2342 2424 2476 2648 2733 2804 2874 2893 2970 3122 3206 3290 3328 3388 3455 3508 3608 3624 3729 3872 3987 4059 4139 4211 4284 4322 4438 4496 4559 4639 4672 4767 5164
60 114 135 258 399 507 597 716 795 868 930 1032 1122 1194 1280 1322 1370 1400 1441 1559 1622 1716 1768 1871 1929 2009 2061 2143 2230 2295 2374 2469 2524 2571 2660 2736 2796 2879 2957 3032 3128 3240 3325 3437 3585 3720 3838 3938 4057 4094 4229 4338 4414 4451 4457 4549 4618 4671 4688 4756 4837
60 156 53 228 321 403 468 563 705 752 811 879 983 1067 1155 1226 1270 1347 1450 1539 1575 1665 1780 1834 1961 2029 2085 2112 2196 2276 2339 2445 2491 2574 2632 2710 2810 2859 2905 2987 3079 3151 3228 3343 3407 3591 3656 3684 3757 3896 3945 4062 4136 4198 4310 4359 4432 4526 4622 4779 4828
43 42 25 129 202 266 327 407 430 472 547 623 666 732 874 1002 1094 1174 1235 1276 1335 1415 1499 1549 1620 1701 1777 1843 1973 2060 2114 2151 2213 2319 2372 2433 2560 2609 2672 2735 2845 2950 3015 3066
59 92 49 214 243 382 448 508 617 693 746 820 899 984 1080 1127 1193 1326 1456 1537 1672 1743 1822 1896 2016 2137 2229 2271 2410 2497 2552 2642 2731 2777 2860 2948 3094 3221 3345 3417 3511 3583 3668 3746 3789 3859 3950 4032 4114 4201 4249 4297 4315 4380 4447 4505 4587 4655 4712 4790
64 56 17 99 198 254 311 425 485 532 632 677 734 829 905 978 1056 1106 1179 1297 1348 1435 1526 1621 1678 1736 1824 1867 1980 2056 2095 2163 2253 2361 2446 2486 2572 2653 2742 2806 2904 3018 3095 3148 3196 3293 3369 3414 3489 3565 3659 3743 3821 3919 4015 4141 4204 4277 4324 4402 4514 4620 4693 4761 4879
57 130 115 242 322 408 513 588 659 729 763 826 966 1037 1077 1180 1287 1428 1468 1538 1634 1742 1757 1869 1935 2008 2080 2162 2249 2371 2444 2492 2620 2680 2752 2872 2932 2989 3034 3141 3297 3450 3536 3673 3794 3922 3959 4076 4163 4202 4307 4418 4535 4602 4694 4809 4944 9844
