10 726 6202 7312 7464 1820 7313 8006 8340 8423 2090
17 1228 608 3105 2992 7442 6703 2900 4344 2290 1004 777 8105 6038 8153 4191 3558 9467
13 6912 3783 377 4634 880 3277 4188 1026 5645 5826 5774 8625 8825
17 9166 3459 248 5712 8681 4595 9481 7150 3754 4921 8460 2344 4517 9017 9323 4116 5272
14 3555 9449 8157 9647 9133 1458 6850 3231 736 2580 2308 7844 9465 7537
8 2176 46 6945 4210 1205 1437 4700 9766
4 3651 3368 2573 1277
21 2507 3138 1276 9769 8093 4291 2178 9564 2797 4699 4965 3450 7142 3595 4578 9181 6588 2038 5392 8913 7985
13 9452 730 4050 8791 1910 1319 8125 2294 8436 2454 1076 869 797
9 6924 9636 3398 1294 1023 4768 44 6074 6250
13 6656 6752 4154 3566 3993 7916 7933 4433 8793 5284 6837 3504 5077
20 3572 326 5668 9872 853 8737 5045 6243 5481 3474 3574 2740 8264 3330 4923 2069 5673 8100 3576 1084
16 3629 9305 2986 567 4467 7665 7926 8621 8049 9331 4165 3198 7625 8942 7268 2606
8 606 719 3991 9186 592 8333 1658 3860
21 5487 4665 8816 7884 2551 9195 578 8407 8159 4734 543 2437 276 7582 7723 1358 132 2968 9309 3871 4018
12 1040 8587 6735 839 9314 3038 6643 9062 872 3010 8762 6492
15 3208 4109 9696 7097 4986 4636 249 2694 129 2282 3670 5412 522 5460 9472
18 661 7666 4410 3906 881 1779 7501 5268 5786 1291 5349 3481 5286 7089 2372 7251 5395 9938
19 5517 5777 9657 9538 1079 6871 8761 5310 3909 2374 6963 5073 2844 8669 8822 8528 5084 9439 86
17 7677 6420 9871 8110 6639 8970 3867 7516 412 5313 2721 1611 7031 7828 9931 6153 1425
10 9313 8518 920 7227 6374 2283 5275 6022 4474 5798
18 2313 1406 2642 57 4656 4643 4709 4617 7014 6808 3948 6444 1058 2354 3246 6731 1645 4951
13 5948 2626 9487 3565 8128 7232 1281 9392 2270 8103 9592 4329 4719
18 2432 4377 375 3276 6159 428 483 4029 617 6967 5279 4775 8244 9541 8473 3801 165 1966
17 8878 3067 3583 3493 127 993 4971 2192 6391 5026 8516 4881 1749 347 1400 182 7163
19 9523 4842 1227 5818 8902 3795 5662 5830 4503 3623 5221 4074 5180 6281 8068 3376 6154 4983 8797
20 8209 4794 4807 8772 4035 3778 2011 2388 1872 5878 3967 5004 4919 5320 2010 6388 5884 5264 7395 8371
18 4788 4387 7546 4733 7174 6133 1443 2045 979 6751 2938 3556 3714 8344 6847 2487 6761 587
11 1209 9393 8758 3396 3190 3102 9101 2969 9950 2346 2617
19 3245 2711 3263 4016 32 5291 9375 8094 7761 3974 4236 272 235 7368 7354 8676 5633 1713 2252
13 3667 3608 5660 6171 8242 7292 3013 6126 6227 6992 9525 899 6364
17 2928 3830 1503 9179 7901 1109 4089 2043 1466 793 9843 7099 3777 220 5022 3733 3128
23 4742 1560 741 2436 7249 6634 4587 3818 292 8804 5374 1110 5619 484 7620 1624 9571 5157 7706 3711 4193 131 980
22 8175 2920 7499 29 6404 8978 2518 9002 8259 1182 8485 6297 6769 4486 2994 7798 2728 8041 603 8949 2671 325
21 677 1515 7119 7704 2455 933 9064 7203 8597 9833 7081 3905 6824 9919 6604 1289 2097 2469 1172 1726 8850
20 7891 7430 6526 8652 6832 3851 365 1810 7149 5767 7521 748 1673 1950 8084 8677 6890 6872 3140 1892
8 6466 2519 5424 4066 5858 9927 936 3780
18 3329 3426 9654 9018 6078 5116 1455 6757 5567 3997 384 242 6827 6651 2347 630 6273 144
18 4309 7928 6916 7862 1218 8191 5238 6094 1891 1819 5561 9958 6632 5418 8658 8046 4445 4803
14 1689 1640 3058 2077 233 4638 274 7538 7978 441 3771 1380 5688 2508
7 7993 9627 9485 476 4916 7349 6461
18 8329 7952 6457 209 950 9190 1349 1250 5847 1297 5708 2309 5314 684 7974 205 995 8925
22 549 8962 9463 5282 1508 645 3482 1168 425 865 6140 8764 4487 3201 6778 6948 9170 2493 925 9088 4509 4054
19 1625 9628 9549 6446 4585 2653 81 4714 1692 1264 1656 3186 1682 4754 9201 5438 1659 8195 2770
19 2949 4071 2324 7585 7236 1252 6705 161 4744 7271 1875 3428 5191 1832 9967 4438 4640 7202 3984
13 7013 9512 5140 2325 7800 5456 8966 3087 9745 6828 3727 8089 9637
22 4059 3442 5304 6135 1363 119 3616 8034 8035 6422 1523 2477 3731 5134 8004 7939 7820 3926 1404 7485 9567 9811
12 1993 7108 2825 7562 2191 6240 4963 4176 9398 2223 3287 5596
18 5359 4815 6563 5428 9035 4119 8998 7894 3761 3127 5559 6353 6774 8336 2894 7029 6616 6533
10 2695 610 1512 6410 1399 5302 7596 6194 9808 9648
19 1664 9979 8484 2293 3557 9492 5287 6719 886 9248 6416 490 5016 6891 6086 1083 1694 7307 9499
16 7864 8892 9109 4645 3775 396 1016 7898 8811 5943 8828 4837 5946 9443 5544 3310
18 2942 9602 4686 7380 4403 4331 4195 4163 9229 3449 2237 2733 1648 4271 5609 6701 5224 9354
18 2915 4720 6764 2663 4593 9075 9912 2206 1188 3163 4067 1933 9605 6759 8751 6448 901 391
17 3024 3462 2896 1245 5701 8220 2121 1393 4378 9110 5117 964 4252 5177 1808 2764 1958
10 5497 4094 1138 1815 2736 7822 1161 1552 5926 790
18 7451 3821 2305 6356 607 7344 8687 5329 3547 9783 1310 9250 2522 5118 5266 3745 3041 9334
7 3358 2394 7016 7385 3337 8716 5130
14 6851 4980 8637 1963 9180 9134 1143 6157 7371 5736 2824 9243 562 6073
19 9985 1518 4659 5690 6893 2543 7301 2164 8051 9368 6292 2859 103 9862 7175 9034 5549 2353 3712
15 6277 7109 8835 704 3793 6579 584 9143 7462 4660 4745 7571 3642 5797 4563
23 4307 2917 6502 4170 3866 4703 9071 4139 4541 1494 3770 514 508 1008 7389 5094 1772 2148 8215 8455 9794 3274 3378
9 7198 2118 6128 3936 9379 6145 7157 6302 1254
11 6689 88 1315 8950 1852 1527 7874 2982 5091 6505 8980
20 8395 5343 5049 135 2856 6575 4021 8938 8990 3499 9624 4357 238 4912 2943 3004 3344 6084 5776 616
14 3869 563 5566 8610 5101 2909 2631 9480 414 8280 5570 6624 9555 8897
19 4984 4910 6547 9819 9761 7278 2667 4944 6800 6775 1320 7046 8141 1351 2267 605 2450 2521 8941
18 8698 2641 7314 4657 9037 6597 7769 7830 1448 1767 515 1125 9674 6990 5078 1936 7597 667
18 2426 4863 7434 3732 2771 8695 9151 9822 8857 4055 5470 1743 5524 8201 631 5814 6285 7751
6 6541 7455 3202 4564 2853 2361
7 6160 4208 6208 506 8306 3902 7374
11 3697 9246 6879 3434 6436 3832 7786 2553 1347 479 7035
20 4537 8309 3605 1684 354 7636 5803 4441 3946 4784 1960 2037 1988 5956 8387 5607 6687 1366 1043 7215
13 5387 7347 1181 8017 1720 8304 5739 8286 570 4215 971 8866 5731
21 3253 2559 554 5808 4194 1260 4028 9100 8324 9809 8542 4498 6838 5176 9542 8495 6224 5363 4931 2185 5415
10 1013 5214 4228 4409 8037 9044 836 5788 7437 7649
17 3410 4414 3779 7737 5539 4450 8617 9082 2769 2532 4621 1696 5355 9308 7826 7946 383
14 2316 1867 1724 5060 7631 9353 2651 66 9684 6716 23 5002 4600 5439
17 1630 4255 9613 8609 7856 643 1179 8099 670 2144 1782 2873 7590 4755 5912 9854 5044
20 4637 4346 5222 315 4299 9625 2323 9576 2406 5160 6727 3811 5278 4212 1567 8680 8732 9509 1542 6246
8 113 1024 364 5298 9295 9663 7589 9290
21 1066 568 6780 8158 1959 1272 7759 1676 4415 9441 3282 8166 171 8442 8971 5149 9932 4142 4545 2318 7219
22 5885 55 2589 4164 3083 8348 1762 374 2556 3085 4892 5527 2051 3212 77 4454 7720 954 2953 4298 8222 5055
11 2006 3403 5686 4957 5674 2160 5553 4688 9076 5960 5874
9 6329 9267 2216 152 1693 3760 2595 7044 3781
25 6724 6139 9306 8588 3972 4806 2180 1587 2187 8300 5009 2407 4787 8871 1461 4899 909 4265 3844 160 6623 6867 480 1594 3097
21 4435 9291 7230 5748 6186 1491 2409 7882 4888 6659 6106 8293 4235 7454 185 1036 8859 4670 140 1935 9993
11 7180 1121 498 7710 5050 4607 7068 1785 3630 7603 9850
21 8774 1904 3680 3232 9159 3646 9612 52 5534 4550 7755 1308 8986 7839 2030 4341 5414 4504 6390 58 8612
21 6961 9581 2079 8786 5816 3112 6244 6589 1595 7764 7474 2040 2804 1907 2923 6714 6318 727 1249 7059 8503
14 6658 442 6021 2470 2304 867 8148 6064 4590 8199 2027 2342 4726 7950
13 1005 734 9974 2539 6645 2751 2612 2358 4936 858 5354 8352 2321
10 8670 5107 1236 8738 7345 3171 7358 9417 4077 3836
12 8566 7255 2261 1381 2607 3545 9312 2701 8611 1158 4315 4305
19 157 957 9402 6669 5621 9209 5043 9156 7515 9844 8550 1071 7781 4460 3352 9961 8322 6417 8091
13 3430 8464 4065 3839 6925 2086 2713 5171 5986 4419 1730 3322 4424
12 3540 4196 4285 656 3366 6380 244 5910 6883 8553 3523 1972
18 6952 6913 277 8803 3542 2981 2640 5770 1541 8027 6810 1075 7405 1011 9059 6878 7241 6631
14 3640 3362 3784 8109 3597 1591 3323 2396 3242 3820 2579 7688 4908 3172
7 892 8254 266 9138 8303 8569 1038
8 7575 2075 6027 5595 2255 7756 4303 5269
9 5743 6192 4011 2842 8927 6233 446 2786 1653
15 3103 3471 2738 1697 4830 7628 5866 1169 9019 7262 5270 7336 1258 8934 2224
10 9768 3603 5240 7211 1146 1638 5950 3324 5407 4186
21 6263 1097 9216 1609 2957 7602 1550 2333 7840 5913 3901 1048 6319 7178 6609 4351 470 888 9615 6933 6148
16 9409 6670 580 5710 168 7662 5267 3227 847 5301 8540 257 6509 8714 148 7568
23 9996 482 2167 2181 4749 5837 9948 7169 9424 8953 897 890 586 8976 9083 7265 7584 6295 8409 7300 9013 3792 5398
9 4882 4536 9459 3505 573 2564 9781 7002 2658
17 273 9847 5341 2603 5112 2495 9634 3879 3721 7256 8860 189 4884 9724 6591 124 2862
24 5324 5868 6269 6068 4349 3594 6584 8228 3122 1725 9288 5021 4014 9240 3213 4442 3920 5741 3943 6577 6760 1788 4383 845
20 1866 8425 9556 3875 3114 572 9276 3326 379 6674 612 3182 9163 7505 4614 1329 3109 7053 2103 406
7 7064 5510 2718 163 5588 6358 4691
13 4839 3696 5017 8486 2065 6223 1736 361 7160 336 5613 49 3080
15 84 7913 5425 120 74 121 8952 4722 9758 5475 7095 4945 6768 4556 635
18 3257 1010 5663 1949 4930 3952 7812 2156 1598 5519 7483 6204 5754 5832 7126 7833 7008 4185
21 8979 5507 6710 9620 5495 3802 2857 2415 5323 3799 7987 2438 614 6176 5805 7400 9807 1174 3048 1868 5449
15 3758 9631 1777 1667 559 3524 9496 1045 2179 319 2933 17 9489 9599 1207
7 1192 3609 9966 416 246 3971 6944
7 4829 290 7770 6610 8076 7290 757
16 3817 1178 5541 1768 3621 1330 9328 2281 1946 5061 4890 5925 8946 3301 2165 840
19 3849 9926 1580 7382 7438 1509 843 2174 130 7194 4457 7718 4025 9488 226 6964 9875 5435 12
9 3321 2852 2719 855 5416 192 3658 3020 1403
13 1273 311 2717 3895 2218 4518 6083 3962 4076 9664 9253 9058 5592
18 4546 9282 6029 511 3789 6009 2291 883 4561 2452 7560 3399 3237 5850 2022 764 265 7814
19 8489 4635 439 7668 5187 2482 8176 4256 5844 8510 3752 6880 6682 6397 1183 4961 5467 1938 7112
18 7088 7224 9382 3840 895 9033 1968 9234 6344 6930 3691 3570 1756 5389 5233 8841 9049 5784
14 8792 2537 9419 9497 5557 516 3135 9231 6286 4817 2616 3440 8053 5895
18 1734 1804 3585 2235 2754 657 382 7564 3561 8963 4964 8961 1976 5506 1661 4812 4918 8301
21 3855 6807 8675 8020 4630 8823 7277 6647 1325 215 3924 4473 7819 809 6823 9653 4216 6419 7539 9703 9876
14 7319 1655 8995 1369 461 6932 9324 8064 581 1164 9119 6690 6792 9120
17 3249 513 3833 100 85 2404 4497 6367 7691 8662 2034 1781 1116 5705 7295 3644 4446
19 1879 3029 565 6842 2999 7534 5764 2023 8760 1840 7672 7326 6142 6055 2858 8880 4392 4531 3664
14 9090 9965 7196 6512 2810 2122 5247 8593 8513 9616 2091 1157 2830 443
18 7429 2883 4586 1984 6200 596 9712 6089 4270 8288 6114 7205 1411 1025 291 6330 9921 8163
20 5716 5598 3990 7975 4826 1863 5656 6222 2173 1203 3070 2561 4950 850 2202 1127 4269 2554 4393 3069
14 6115 6663 5218 9401 3381 7216 3137 2364 3389 1894 5144 1549 9296 9614
14 9691 502 8991 4372 9537 3970 7643 2558 5879 3225 1136 8321 6685 70
16 1883 7346 6261 9644 695 6785 1229 2389 2980 2367 4425 9099 9887 4399 1288 7111
11 4601 5018 5902 9864 9251 7659 6869 1089 1987 2993 3458
19 1372 1030 4875 267 146 7245 7010 3657 5451 8746 4470 2024 8532 6697 6637 8305 6010 7836 4296
16 2143 6125 1792 9949 8403 7113 4773 8916 740 958 2197 525 8522 8202 4922 5894
15 4090 3988 8783 5332 2776 6868 6726 8476 5789 3223 3153 9126 8467 8893 3857
15 8310 6252 3512 8851 2630 6619 153 2189 186 1824 7012 3385 4192 8837 5647
20 3976 8338 9947 5620 984 3958 2745 9900 8984 7197 2921 5211 7842 78 9162 5687 3081 1153 6136 2908
19 8736 4184 69 3666 3370 8445 9737 1412 5074 3372 8661 5072 6347 5468 3151 3954 452 7953 8123
18 3176 7580 98 982 2741 7595 115 5792 8316 8511 4539 304 2340 9269 3076 6661 2488 4363
16 583 2278 1773 6307 3632 4520 1943 9716 1296 5722 3000 8461 7 143 792 8674
22 1332 864 7574 6474 1835 1152 4400 2790 1716 2468 7566 5911 8415 6612 7917 8002 5115 2363 8499 1336 955 5753
17 8520 699 3354 9680 4245 1324 1746 1937 9228 7339 1934 5556 9533 1836 1056 1426 5348
20 1447 328 6003 35 1465 6601 3215 1846 8560 3930 286 1392 6306 1818 8061 8592 7845 6934 7338 5065
14 1194 4836 3940 3465 8820 7866 1499 1953 2186 4513 1333 9719 7611 8594
7 2418 2527 7302 6791 5542 4022 107
20 5440 7657 3236 1421 7172 9182 7448 3439 7829 7221 9667 9298 5154 5259 7340 1446 7480 5190 1285 4996
21 7810 2520 8382 5212 6742 3026 7034 5799 9546 4872 2906 5105 275 1911 4106 1435 1035 6626 7980 3698 9277
10 5235 7965 9550 3050 9570 4274 5995 7122 6289 8666
9 3564 7716 9177 3700 6545 8255 6592 6817 4308
17 9046 7117 212 4141 5433 2126 5382 1979 1464 1814 1566 6249 75 3206 8908 3349 2659
18 1414 6155 318 6985 5695 7762 118 6161 6253 1317 8692 6130 8526 3662 7244 51 3626 2130
9 1530 4761 4405 4070 6231 3318 7519 2210 818
13 8055 9011 6000 1647 2059 1232 2979 1521 5684 3498 3592 7990 7264
6 190 6875 3411 6856 3539 3536
15 4679 9813 380 5679 2104 5353 6459 5778 3195 8013 3526 2427 3899 4484 8654
17 7082 3017 6984 7692 8742 8595 5603 2054 30 1924 754 2546 3413 2772 6611 4108 1060
18 4379 2429 6485 5698 2973 8868 313 9394 8245 2557 8775 8325 4681 7725 3497 6586 2070 8232
17 5491 3068 4404 8796 5228 5952 8263 6882 5123 7542 4085 4012 5482 539 7997 8132 9336
13 1888 4687 1973 7847 8533 1679 4608 5097 8015 9258 9115 73 2253
18 6654 4084 5732 8379 7729 5526 7370 1709 6743 7288 3856 1618 7168 5987 4783 5142 3922 4901
18 4455 9286 9795 3051 5642 7777 560 6331 1338 3211 6866 1029 6486 1322 6860 1704 8230 6693
17 7799 789 2782 7193 9710 300 2954 4117 819 2535 6617 1068 4333 110 54 7489 4277
10 297 6361 8711 2041 397 6238 8863 9203 1952 9061
18 7020 7648 1186 2464 9262 3181 4397 9701 5569 4406 1396 9593 9470 4468 2868 418 4416 3819
15 5693 8184 3885 5702 8644 6865 3862 9881 350 1073 6995 5696 4500 2902 2914
10 7435 6377 9655 7708 3980 5203 5707 3302 8507 8607
21 6706 3444 4475 6455 9815 6293 1355 5951 2260 2702 5610 5411 2341 5384 3336 6400 8349 1577 526 1636 8543
20 1489 9805 989 2639 1222 4544 1215 2652 8827 7573 9584 6104 1590 2950 7583 3577 8905 4240 8364 5311
13 5237 1177 5158 3169 6672 6904 7006 7363 6226 4771 5618 9606 2843
16 2735 4008 768 874 7557 6076 3124 9928 9632 2246 8450 7091 1649 1262 8704 6520
21 1353 5161 2026 435 507 6814 2076 4477 7697 2648 8691 8218 518 9428 9193 4631 983 1623 7955 9922 2287
11 2424 5856 9874 9925 1197 3152 8829 9211 1858 1086 2610
18 3409 1142 7085 5303 2140 6101 6698 3785 8018 8505 9849 9607 8031 7753 6351 3941 2886 234
16 3549 8731 7877 6662 873 1886 8843 2370 8067 9739 7419 4573 4488 2888 4729 3110
13 769 7463 9140 8965 8937 5864 7743 8381 7969 7517 7623 6889 5434
12 394 6884 6255 4003 1529 4800 8299 9732 1744 6193 390 5854
18 2536 4661 1986 9464 1902 2817 1436 2343 2373 4669 1468 3674 9086 6124 8744 9069 2114 4197
18 3311 1955 6413 4297 4481 1352 7808 3155 2397 2796 6375 6184 8107 7032 5505 5974 2878 3931
20 4056 7329 9385 4613 6648 7041 1738 9132 6460 3476 4675 7935 6820 7125 1572 1890 6144 2002 2529 9196
19 8449 8346 3375 3047 92 4639 3098 6657 1504 857 5041 4692 467 8165 7995 2752 784 2815 9311
11 6123 368 952 8307 9643 1519 5326 9522 8405 5423 5459
18 6965 3196 1995 8146 9579 9964 3421 4211 2534 2154 4290 1850 985 3419 1703 9891 1120 4348
17 3743 5027 9052 9845 830 3433 4123 7778 6134 3645 5651 5357 6754 2499 6354 8684 5599
10 2297 2250 3751 4038 9460 940 8478 9032 8124 5749
17 8021 5887 9557 6809 4326 1700 9837 4802 9479 4368 9863 450 3452 653 8712 7989 4795
21 1407 8715 7086 7690 378 6026 2434 8116 3669 4857 1748 5670 6167 3763 201 8845 3884 593 7681 1813 4778
17 902 825 8219 5351 4652 660 5082 3904 509 3278 2931 1882 3707 4579 8900 7593 3533
10 7428 5920 6141 3636 2673 9357 2095 1051 8788 5035
21 9283 4495 5213 5189 6360 3740 5422 7642 5914 6915 1688 1283 8881 5681 4684 9786 6691 706 5410 2307 1452
9 8189 7804 388 262 2569 7992 4676 5048 758
14 2944 4833 6338 1628 6615 751 2613 64 3532 9346 4316 8723 4968 8865
18 2465 4525 1833 1860 1970 665 5593 7411 4871 3210 8136 1395 1753 3660 9865 7242 6770 5659
12 6150 6450 8766 6454 9171 8615 9232 3624 3173 953 8571 5333
16 5572 9744 3453 1553 7274 2547 8339 6378 6047 4978 4982 7591 1732 5676 7938 6434
11 9626 1492 6804 9640 7444 9438 914 9957 6666 207 9600
8 2335 7102 2570 8071 8126 9432 9390 8648
15 6783 9084 3708 6357 7857 9221 8177 3045 5577 7377 1851 548 6011 2905 729
16 400 5757 5182 3036 5036 6270 6066 7498 4453 8289 7130 6543 5111 1574 4757 763
12 6456 3147 1201 106 137 4625 7599 42 787 7518 9953 2491
19 7709 5654 47 3842 1884 7535 1660 544 281 1539 4073 806 322 6528 451 8497 1185 8174 2238
10 6031 3291 5452 7189 3878 2895 625 411 7606 9215
9 3104 2881 2577 671 9429 9742 8968 5068 1350
15 9685 4421 6550 8575 8188 6013 3896 9073 7754 3293 4032 2494 2890 6278 623
13 8773 935 816 399 3115 7529 4632 2545 1678 7233 3456 2822 296
11 8290 4507 5627 9678 6280 177 4006 8755 781 2249 6291
12 9888 5335 5445 6321 7386 7402 9946 9699 1397 5775 5555 9184
11 5466 9830 5892 6438 5371 3874 556 6079 3431 1878 8384
6 4098 8262 5480 3507 393 8441
18 2748 5554 3108 2967 2000 6196 5169 715 2760 6728 6043 547 3525 2158 4671 747 3978 3184
13 6424 1803 6966 9741 2229 5379 261 1654 8846 2750 5531 2170 5476
17 1100 6265 4666 6927 494 4552 9054 1603 9994 9029 8524 3178 5930 6766 9391 4841 9545
17 739 9666 8915 9735 475 5124 459 2958 6301 5532 9798 2871 3563 36 8707 7509 9123
21 8728 5227 9595 4502 2132 2600 5601 9068 7043 4696 7037 6905 9056 2633 6187 6530 3684 6564 4680 1173 8152
22 2247 24 7114 9320 5090 6425 9477 531 7239 4834 6103 7407 2621 776 4237 9318 2149 5319 7526 3837 6534 2322
9 3693 9347 5295 9954 5768 5454 3254 5499 431
20 8559 9020 7287 3601 2399 2036 6023 6313 7456 8645 1532 6345 1428 8935 7520 7930 7105 3716 4542 3987
7 2774 1874 8530 7453 9955 5325 8275
20 1992 8102 2511 3066 7698 5503 5628 5579 2884 2115 3466 5062 5640 72 1901 5195 632 1131 8685 9387
17 1438 7768 2440 6498 4704 9645 9962 524 6443 10 3241 149 2995 609 8561 8267 1619
16 6633 8459 332 1755 6762 9077 9789 959 9378 8074 6773 4102 7238 5677 7450 6349
19 8509 6747 6296 2605 2442 6305 7364 4384 8058 2989 8904 4651 4997 4715 5490 3132 1085 4189 20
12 2571 8292 5245 8203 9252 9440 5484 6790 8778 4991 2704 9454
18 8564 9544 8784 2934 8795 5263 8151 709 8257 1643 938 6696 5992 5000 3730 2258 307 8216
19 6004 7000 1102 6537 9381 6962 8603 2901 8383 3447 5625 528 3383 3769 5989 1708 966 4813 6323
10 1251 3073 8419 1977 871 2866 5587 2638 664 6606
14 6403 8573 7135 3393 659 4244 8366 1328 3689 3234 8443 7038 9898 4354
18 6843 8376 7248 8614 6398 4786 5457 7907 1299 808 3767 3567 7201 2226 8634 5745 8501 7281
17 8586 1054 951 4940 907 7558 4776 7145 2841 3963 5042 3145 9212 8050 1919 5461 4310
14 5727 6786 5562 2044 8562 7806 11 134 6117 6525 4650 1156 7348 8877
20 713 7929 3197 965 7867 9738 986 767 5100 7532 9089 3757 4358 8749 1253 363 4900 5030 9771 8375
19 2523 3816 5477 5650 942 4366 7457 6907 1431 4562 7615 2563 1382 9293 2816 7670 6976 2098 1898
20 1335 6901 7188 2357 1869 2056 8194 6336 9539 2515 6179 538 6146 3078 1606 4222 4448 466 7878 1809
16 2106 5307 1430 3759 636 2846 6211 9351 9142 6679 8427 5215 4178 9942 1825 1731
16 9733 2512 5377 5054 3194 6274 6593 6056 8345 6396 3982 6464 1760 4401 7039 5939
6 9649 9255 306 395 299 6019
17 9851 7373 4658 4990 6283 7187 5099 6683 2063 9366 9877 420 743 9399 3189 746 690
20 9207 3168 8848 4080 5719 9751 772 5405 8809 7392 2526 5880 7094 1719 8525 9802 7851 3889 2628 8311
18 7140 4223 9078 4088 6739 2997 908 9028 2025 3121 889 6339 3455 2242 4946 5010 7487 8572
12 6607 499 6272 8481 2139 999 1187 1155 3094 9145 9568 8363
22 187 3607 3457 1784 9503 3602 172 7685 9341 7342 353 9639 7949 2863 6712 7100 5217 5128 6315 1691 7983 7166
8 7141 7468 1859 8734 9413 9217 8943 1823
18 5934 9003 585 19 945 8440 3938 8682 1845 646 1453 9458 5031 4293 4114 7809 7855 8429
22 5402 6493 2681 6942 9743 7092 9972 9265 4213 7316 7749 7865 3847 4993 3142 8567 7932 6555 7185 4402 1149 4203
18 3826 7406 4153 856 7246 5409 5437 3228 2766 5163 2636 9583 8997 28 8623 1927 5432 3522
17 1323 3334 7337 8030 6805 369 6178 8446 912 8725 1926 8060 2965 681 1895 8235 5718
12 4706 2401 802 6903 9681 6989 6744 21 5589 8839 7054 8468
21 2869 2020 2531 9128 5771 956 9164 611 4007 2473 1631 2924 8780 9659 2400 3235 973 2820 6214 5791 5198
14 7210 4717 7282 5909 8169 5575 7486 3001 6310 6723 2746 5685 3369 1191
19 4873 166 9543 8554 2497 1460 6729 7732 252 8266 2693 8400 1130 8270 7124 1361 1268 5493 410
22 842 3947 8133 8989 7208 8882 3290 6491 5070 7361 1470 2417 4340 4312 4218 3074 2763 3019 6487 5935 8861 1293
24 1794 5744 3786 1994 2338 922 1686 2930 3418 7513 5550 7817 1368 5092 1383 6846 1463 6906 968 3713 1107 1242 3415 7343
21 1305 8640 1978 5034 5025 6069 3319 9130 4555 105 2875 8494 8926 5801 4251 9091 195 1925 270 79 6096
14 8557 6756 615 782 5352 7730 5400 9641 5941 5155 5919 2334 1478 8717
21 2538 5540 5602 5783 3054 5766 8523 876 1896 9980 5372 6389 9333 7021 7192 2936 1548 2666 8012 8276 2145
16 7357 4867 1233 3119 39 8659 1715 151 6542 5396 9431 5840 7332 8269 5248 4662
21 6695 2720 4150 9473 4624 9757 1627 7253 141 6484 2035 1166 4856 1876 5694 2087 1622 2555 4015 6355 4242
9 2384 1797 9337 5728 3283 8753 1238 5127 7834
17 3596 5006 655 4250 5917 3435 4371 458 2898 4019 9155 6622 5019 2003 7667 1928 3492
22 2912 489 2791 4848 9254 4602 1106 9617 5838 7941 7805 1947 6203 5804 7904 1740 5175 2405 9895 7559 9690 5150
22 7612 6741 718 1386 7494 5375 1985 4879 6156 1531 8097 5999 8544 9780 619 3935 8907 1829 7084 1881 204 5545
13 117 5300 6039 6503 3496 2345 613 5568 2974 6524 6732 7390 8251
10 6418 9137 2074 2212 9911 9755 7304 4972 1662 2961
18 7553 1267 6316 4953 5366 1098 5219 285 3977 5122 4464 1806 344 5331 3063 7083 9971 3238
11 2838 2198 1500 7492 9127 4664 4838 4747 750 4129 7183
17 9852 3510 7226 3325 9981 9364 9027 6426 6910 9330 3404 859 8729 2336 1615 9294 2697
21 5381 8213 1593 2147 6818 8059 1913 348 7746 8506 9896 5959 83 4033 3150 8969 3960 4501 5893 4599 7391
20 622 9698 4648 1223 3022 7922 2105 6247 2966 1791 3610 1822 9113 4459 3448 654 571 5726 4760 1837
16 9707 2015 5636 9199 1062 9566 9687 7796 6522 2204 7063 1373 8162 8633 8454 5003
20 3008 2784 3541 854 2033 6213 6082 7275 2264 2874 3285 4272 5249 5512 7646 8887 2615 4095 6368 3224
22 5299 700 7911 4959 3092 3199 8768 5453 7162 990 5014 9553 536 4330 6423 2978 5419 6175 9591 8558 3407 9067
13 6649 6529 1778 6346 9157 7259 5216 1964 7328 8196 4023 3350 3637
23 5970 6002 3371 7186 8574 5699 1873 7994 2732 7633 7604 1790 4314 4701 6926 386 7497 8221 9883 1244 2188 3950 3945
9 7640 3647 5724 1714 6733 5098 1092 3911 9668
11 2788 9030 1723 832 7684 8491 3917 6229 1462 7954 4883
13 4352 4493 40 387 9299 9534 1501 5420 4619 2911 2127 1575 6032
16 3575 9316 199 6340 8854 4605 7309 4989 7727 9230 5385 4898 3927 3998 7181 3612
15 8426 975 9562 849 823 9158 294 230 8807 6581 5274 4122 9791 7204 9749
9 9799 7957 5991 3165 2739 3059 4926 3914 4741
19 8406 3692 1605 8548 7876 8653 4485 2377 7066 352 5725 4219 7062 7076 1486 478 3809 4041 8279
13 8420 8029 5890 4207 9450 330 3082 2984 3086 6830 1379 2604 1479
21 3918 2230 1908 7190 3057 7548 5853 2802 6359 3258 8638 9882 7305 8721 4198 3613 9448 2029 1798 8036 1213
11 3527 4112 4225 9483 9074 4732 9531 4427 68 5162 8636
13 9411 8149 8277 9045 2031 2207 9604 4300 4588 6447 651 7696 4540
16 7293 3160 128 4107 6523 6618 6737 4559 866 4280 3214 3144 3517 504 2096 302
18 7471 8832 1326 5678 9832 8273 6407 2128 8401 7680 3501 6861 453 6798 2876 7771 5037 9711
12 8578 8521 9284 8296 8026 6806 5133 1034 5877 3485 8818 5669
8 4078 1135 1487 2700 8048 2872 9404 1663
5 8967 3305 9178 7617 5760
18 2233 7792 6711 4202 3701 102 7019 7679 8312 2042 2268 8010 5747 8885 3273 3886 900 749
15 4644 6409 6587 5632 408 4533 7018 5421 8920 9597 8354 3023 8802 6702 3422
17 6794 4233 8448 6392 9135 8665 3685 4159 3509 1255 4009 9848 5257 4239 1483 1225 8138
10 1090 7637 3614 9408 924 8958 8810 5119 3890 9759
13 8477 9563 1384 7779 8353 8819 594 3244 2371 2028 6371 7261 9198
11 6558 3129 3475 9527 7477 8719 5664 1274 4766 60 176
9 7475 3580 6900 7325 3099 1706 3275 3417 4374
16 4758 3090 6189 1588 1206 6251 3075 3894 9247 3392 9697 4974 6667 7023 1216 1680
15 6745 4705 178 9222 5915 4594 3673 4221 6974 495 2433 8972 6935 4530 3286
22 8204 7398 457 2382 761 552 7263 4792 6163 5835 1069 8928 4566 202 6779 5104 8931 9423 5401 6500 8777 5836
11 3578 5829 7176 6684 7507 2749 1621 2331 2120 9885 4886
7 3049 9087 8040 8088 7918 3464 9484
16 8739 6536 1 8785 4356 4278 5564 8895 255 7024 449 9350 2257 5961 9956 1052
16 5500 533 2686 4318 2831 444 969 3694 8883 6406 4190 1670 7056 1080 3872 8260
22 4143 9675 5615 5369 1830 8747 6182 7682 1583 9963 7715 1429 929 4472 3356 8475 333 3503 1540 7705 7964 6750
10 2135 3307 9121 1239 9661 974 2378 5109 532 1367
15 8104 2649 3420 3477 3338 5260 1639 4263 6363 1854 1974 5346 3934 1128 2836
11 6198 541 9935 1002 4862 2568 7414 2513 1061 5463 6991
9 6815 672 7849 7116 5983 8500 9204 9726 1374
11 8629 5205 1843 1685 1496 7096 1246 3959 1526 7739 1301
7 5769 9619 2941 8227 3981 5873 6477
17 5860 3156 2061 1637 9495 9349 2505 8974 434 4535 8197 4674 6037 4737 2795 1495 8874
17 1651 2780 9804 8173 7811 1644 4828 9482 3765 3308 3661 5529 9148 2582 5936 4005 913
21 372 4855 219 7129 481 9104 7152 3949 2602 7143 8743 8872 4407 3551 4262 7721 1214 5916 7481 1801 9960
22 3891 8410 2245 381 7209 2919 3345 4756 9388 7592 7222 8627 3550 2205 5810 6539 1375 6553 2929 1848 1202 2211
20 5086 5192 61 8024 9012 4482 7883 9202 708 97 5824 3432 692 9767 9727 5258 5980 3125 8238 5443
21 5393 6765 640 992 7912 674 3648 8014 7726 9300 5692 5005 3011 53 9218 8234 9437 7981 9271 2490 5362
22 4894 7401 8787 1635 8198 6430 753 2661 1862 3261 6268 2048 4086 9983 3339 2837 243 5796 2155 4151 2625 9642
14 2742 9105 5511 208 8951 3315 5514 2248 2125 6495 5966 471 3312 6300
16 8840 2296 6053 5955 3116 7479 1081 9652 9859 5635 7132 4000 738 3804 4577 3633
16 7846 6327 1601 6638 6480 967 1787 4343 8428 9884 8649 4845 7886 4082 4492 8308
21 4618 6412 3239 1113 9559 6012 1634 529 8118 2320 9272 1476 9268 2359 2175 2685 7752 1007 3033 5399 8910
17 3149 5406 3546 9191 7465 6058 6173 9897 3798 4449 3269 894 731 7388 6432 1764 4580
19 627 2657 2425 8940 1733 9889 3205 4045 4347 3843 7488 5582 26 8565 5339 2650 9206 6700 8879
14 2963 8207 4629 9475 546 2330 2645 6452 2443 3484 7976 3158 9365 4181
12 3167 6831 5358 8462 4246 7683 7579 7284 576 3897 4678 229
12 6767 2714 1208 2368 6953 9943 8317 868 1616 7144 3084 4324
20 7028 530 284 4869 9116 422 8806 7315 8981 485 5709 5188 9754 4647 8689 6314 8365 2987 7283 3797
15 8458 1524 977 6652 9273 9070 7984 7924 8688 7547 2851 8281 1385 9005 316
19 2166 3317 8285 7934 5135 1263 930 649 1391 1417 8416 2882 6234 3473 6854 3628 7408 7979 8139
19 696 9274 6245 5779 6580 7425 691 5033 9611 4824 7587 9490 2478 7853 6675 8392 6918 4751 6311
15 9679 9752 2327 4511 5285 497 8955 1331 4798 1942 8214 2541 5597 8964 8923
19 3030 8302 245 5120 846 2787 4854 1256 3247 8038 2052 8650 517 7944 7832 1906 6230 2182 9601
17 7156 4935 9633 9524 4914 8671 3530 821 5700 3007 7651 3300 213 941 7121 5828 2865
20 423 2356 222 6044 4437 2566 7554 5156 9410 1537 7466 7080 5630 3039 8906 184 2655 5110 1091 2251
17 6381 8703 2828 5990 3188 6567 3502 7387 4623 7724 2057 7231 3328 4543 1416 2269 7767
17 817 3989 9297 4020 8155 7785 2209 2395 4491 5608 3079 946 9978 2785 331 9756 9999
12 9405 8447 8536 9042 5344 9836 8033 9208 3846 678 4547 2486
12 6694 7104 150 4558 9345 6034 5088 1415 4584 3782 9358 1956
14 3170 409 7567 4938 9118 1441 2706 9812 8798 8160 2137 5364 7734 5478
16 8435 7372 9705 4137 241 4913 3062 9516 4853 1198 698 4440 356 6014 7973 5573
15 7561 8086 8328 4920 3191 2060 5584 1745 6946 2565 5462 8741 5102 771 9914
14 7399 8179 5113 206 9586 3807 6886 91 2360 3829 9167 9908 1905 5979
13 3655 8274 4064 6771 4101 1557 8367 595 8101 5008 716 9322 7147
10 9920 5516 4376 3270 4024 8973 2314 9264 7940 3824
15 4877 8370 3717 7787 6969 2585 4063 8272 4046 3271 9998 3256 9239 7107 6090
16 268 7687 3865 6718 8856 3414 8504 2385 3746 454 8815 7750 714 6325 3387 923
12 6239 3739 1046 8909 2680 9420 2479 9302 5139 1786 8347 641
11 3384 8351 2112 7663 4099 4130 8800 4937 3031 4809 1140
14 5971 8713 5535 1997 1111 9165 3451 254 5076 2977 4851 1982 534 7760
8 9325 4058 9406 3773 95 8192 1117 6960
5 3579 6206 3200 4411 4301
13 7956 2008 9820 5746 41 9575 7686 5069 8412 1459 7508 6680 7972
13 109 200 1240 9511 2937 2119 6062 7971 1389 8911 8140 9384 2445
16 2576 961 5881 6849 8224 5888 8042 9923 9842 5994 5001 6681 7689 2945 5785 2430
10 1838 1674 2904 3193 2362 67 366 1525 9683 9515
18 1735 3333 3424 9944 7870 2352 4764 2386 175 8062 7873 6386 4096 8108 7106 6174 7447 8330
16 4260 5996 2783 4115 2799 8236 4615 4966 2753 4227 8164 5356 987 9001 2808 1626
7 2123 2690 9702 2654 8493 5394 8253
7 5721 5957 5012 8546 4398 8237 7909
17 3055 7040 9670 4885 493 3554 3220 6216 4713 9263 711 2948 7998 9085 4075 3979 7773
11 4948 6304 6220 4396 8529 6956 826 4819 8987 1012 3341
11 474 1563 448 4327 949 2885 7167 1612 6235 6578 2939
10 4781 3910 7572 3915 1175 633 5962 8413 9734 492
6 5875 9806 5626 8368 1365 1817
9 1776 1528 4428 5954 3966 8187 5815 4858 9377
11 7861 4494 8932 2422 3490 4973 6119 5241 1211 542 1159
9 1269 4200 1313 6352 5234 2927 2217 7191 6544
6 7711 4575 9144 417 3615 2660
5 9901 7320 7379 9457 2053
7 8342 3005 6164 7243 4782 4205 4027
12 7229 6199 9469 3544 5756 1474 403 6081 2220 4924 3750 6527
9 6822 7070 3025 1170 6168 8434 9289 8298 1880
10 4214 477 3461 7446 1729 6825 7745 8667 1096 9287
6 9514 9976 5649 780 6279 5903
5 4693 6951 5347 2952 2591
7 2899 720 6475 9065 2665 1721 1855
3 1105 7638 7110
6 6110 697 419 3445 6538 5982
3 8073 6922 4887
21 8630 8323 9890 7323 3537 6024 9242 9975 6197 8186 4893 3635 6590 1990 7378 2475 7776 9339 4861 5817 231
2 8271 7512
2 8699 9869
9 1543 8708 3281 3294 2975 6473 8085 8421 3117
12 658 9412 1200 3921 164 6402 6896 2240 3429 1292 3854 7627
9 271 6836 5711 3663 2171 7629 7793 7624 8646
8 7889 7355 5622 5039 4582 4567 3379 3412
19 6877 1221 6749 8079 9610 4880 9858 1302 1248 4456 9826 37 4626 6490 752 3956 6050 3427 1507
4 7948 1259 7426 7676
20 6740 4673 9951 2731 376 8876 9731 8869 4105 6999 862 5373 4569 3568 9389 4765 6568 1360 7257 7214
15 1757 519 6228 666 2916 2525 1561 8598 1337 6105 4382 4925 4118 5842 3762
8 3951 1564 210 2781 7276 2288 3359 6993
11 3654 2635 9006 2506 4620 2789 4097 735 6988 644 8939
19 5717 9187 4583 7927 601 8831 415 2355 7503 7872 6036 1420 6488 357 4168 6600 5918 3035 6853
13 7318 3148 5089 4048 5170 6793 7788 139 8417 9332 6099 9792 8789
