27 3181 7183 3064 2535 6844 4313 8873 3037 4031 5781 1182 1933 6665 831 8578 3639 1789 9626 5616 2366 8474 3224 1580 2819 7804 3957 4014
29 4661 8579 2793 928 4607 7723 343 402 1194 1310 3637 6672 3454 9490 1294 4855 9598 2419 8804 3142 154 786 217 3688 3208 8068 8891 2620 8351
27 8128 5136 5881 2767 4248 489 8532 4341 8150 8260 2935 510 7509 7491 7172 8139 247 7762 8705 727 3538 9514 7524 9805 8750 3970 4037
29 1711 558 4338 487 9806 5896 8006 6446 530 3254 4040 3825 1524 1262 9217 604 4700 7829 1741 8419 2127 6070 5025 4267 6076 8935 8893 953 2296
28 8995 6190 8870 3005 1737 9590 1854 435 9338 7374 2590 1988 5913 9736 210 4839 9387 3193 3880 4439 9341 8738 2597 4222 9517 7214 4586 6173
29 601 8545 9336 5537 3410 1575 6551 2238 7111 5976 7875 3146 5766 6024 4813 693 7212 9419 8041 4359 1510 7686 8014 2483 7551 1404 8416 6332 5470
30 8220 934 5354 1196 7331 3150 1264 5796 6112 1882 1555 1360 7706 334 5691 580 1068 3073 3013 1931 2473 9088 7434 6679 3910 3527 415 2616 9968 8964
28 27 5903 8778 9899 9963 3225 7393 3185 2061 168 3286 3020 2977 8915 7265 3250 2216 9534 4086 5194 2605 3591 942 5615 6013 2904 3062 4875
29 6424 5046 4066 498 8049 2966 3267 851 1167 8783 6711 2924 3955 5611 4218 3477 815 1828 226 1286 348 8021 3725 3655 9523 3649 7968 1678 4605
29 4611 102 445 6488 915 4535 2353 4355 1243 4454 1120 1290 6648 9216 1870 522 5095 1272 5567 2227 2344 272 797 5221 2953 9934 9423 6737 6088
30 9340 3581 6720 9506 1560 6005 1165 5580 9461 5278 1207 7071 584 8666 5015 6426 5409 4693 1781 9706 774 8048 7274 6420 828 6907 2275 24 8583 7947
27 8406 6294 2940 8234 4314 1487 3170 9451 1792 7522 2948 6368 3807 6414 6453 4843 2806 2723 279 8301 6855 9503 2376 892 3734 8941 6865
27 5944 7380 2003 3455 795 8564 7960 7483 6872 9526 4136 9833 805 6670 4727 8837 6526 4405 7547 1922 7389 9301 6022 6660 1601 7839 3554
30 8858 9888 5801 328 6699 5826 9096 5052 5742 4630 7024 1189 3603 2184 3136 643 623 8221 9471 923 6314 944 2621 9631 3713 2626 2703 467 3956 9768
28 1109 6257 9104 7894 8193 1283 91 3243 409 5856 5964 7596 6809 989 1052 7778 803 2128 2112 4606 3206 114 6659 3214 9698 6029 6842 9802
26 5241 544 4436 2664 2053 5916 6979 7629 2055 9029 6948 8334 9796 2757 8029 5773 3569 4269 9840 5785 6751 3661 7107 769 561 977
30 9151 691 7883 2890 6402 7867 8663 1131 3619 8645 5183 3813 4774 8892 387 7623 1706 6119 7932 4706 7573 1394 959 6467 2079 8788 2718 4981 6271 8932
29 9822 5634 5326 4170 5669 7151 4628 675 9078 2039 6256 9593 6310 3368 8675 9290 449 6850 5816 4837 4725 8361 9369 8772 5538 3196 4735 2814 3870
28 5837 9257 288 1080 4175 4858 2908 3882 9178 995 7068 2262 7712 4199 8223 6726 3376 2839 9016 6984 3874 3469 3995 3112 7521 2357 7004 9163
28 5160 8468 8080 2469 2906 3122 8410 8920 6944 5568 3925 1444 5497 1744 337 2949 830 1584 4451 6381 5203 3626 195 8520 9143 4680 2349 4871
28 2711 3693 3519 9175 9752 4530 745 8828 9436 5119 5036 8832 6178 6878 5581 6220 1047 2975 3776 1940 4245 3861 695 6838 7991 4224 1327 3808
28 2517 1365 9685 8872 5066 8594 3297 1657 9231 3105 1168 8931 7247 1936 5191 4934 7733 8119 8973 3915 6880 9013 5709 1538 5882 1010 2532 9827
28 724 596 810 2169 4910 9462 6427 9762 2303 3908 7328 5791 5118 8142 7088 2283 7626 4453 3414 3789 7085 7204 3483 6040 3909 5491 7123 6806
28 9194 6610 276 4 5574 1794 7201 9172 9327 2835 7039 1747 1147 7919 7310 2889 9596 3088 9985 4330 8809 2875 3586 4369 9900 2189 3381 1773
29 820 4189 9443 7397 429 1608 2166 5166 185 6978 7597 7472 5329 322 2354 3446 1866 7159 9046 100 9516 2035 7140 6583 442 8782 2041 7903 1990
29 1574 3815 4878 5077 3462 4195 2912 6658 8673 4545 431 4204 9983 9300 3393 7233 214 5627 5628 1190 2898 1775 1162 7967 7868 5795 1486 8574 9643
27 2381 4794 5185 676 4286 1282 2771 4025 1083 1233 8284 5689 198 2220 9616 1511 5205 7285 9432 7 206 1086 6499 7807 8682 2969 2565
28 2765 9591 7636 3295 8584 3783 5157 177 2919 373 8008 3127 7242 57 6451 3799 9624 7510 7398 2816 3307 9061 1997 2962 7810 2544 696 5044
29 6891 9248 4238 5247 1250 2218 8756 9943 9491 7703 332 7771 8821 2589 664 4230 3409 2407 8921 6020 3736 7113 1372 6103 4061 749 1655 6269 3071
28 1599 314 3316 8699 9907 8500 6369 2680 2689 3336 4687 3975 5874 6399 1453 9852 8519 9709 5572 9386 6243 9468 5234 5996 3988 2008 7850 6537
30 5266 3353 9957 6992 7969 7579 2339 2018 9395 4758 4641 2509 7108 9628 5367 9902 3896 1173 1013 3276 9195 7627 8923 8905 9181 6688 621 8916 282 537
28 3363 7735 1896 5476 2640 1380 81 9184 6764 5502 9363 7275 5405 6993 2551 7199 8129 3043 5672 6127 3900 5684 9318 6619 5386 6673 5481 5240
29 1572 3256 6001 6754 6382 7790 3847 7598 3905 5700 1694 3392 9218 7388 6375 7853 112 5614 2026 6777 2688 728 520 3542 7683 7617 3421 1559 7187
28 5130 6888 3694 2253 9322 4278 8454 9725 4831 8122 84 8616 9769 3054 8362 1536 2200 4143 5431 7160 7904 4569 6209 9766 8979 2911 7921 5988
30 5455 3187 3860 3534 5127 4715 4250 6304 939 4953 3675 9056 8878 1034 6114 8109 169 999 5825 7133 1400 8452 1703 8449 3838 8515 6704 4352 8151 6017
31 7318 2772 9284 3247 1924 6889 9640 1740 8609 7541 4799 9737 5904 8859 8536 8639 382 7184 4240 4596 9480 9807 7226 4445 5011 4505 2618 1115 9463 119 5273
27 8394 8143 7351 6815 5867 2242 927 3167 5297 5327 2923 5451 5265 8621 4146 4106 1732 3773 2023 6923 1570 1112 1254 6532 7246 824 8114
27 1359 3579 540 1390 7668 630 5390 6523 5238 5279 1003 2811 8761 2015 5642 9717 2754 5103 6529 2486 7567 1527 3459 2094 8596 8945 6121
28 5645 9791 7929 8282 952 5229 4069 9583 980 3320 6033 2643 2033 861 2464 3458 9140 6288 4763 672 8785 4620 8965 4320 9705 3328 5050 1099
28 9742 6897 6265 4650 9612 684 5912 80 7916 7330 1435 5694 4410 5820 3495 8529 5688 1656 5444 9105 7303 9374 6335 634 4811 3664 6217 8753
28 3665 4751 9224 1758 3755 7412 9533 3711 7661 8147 7267 2316 2944 559 4080 5040 6760 9511 4972 329 7827 9657 1108 2095 1361 5780 2556 7907
28 2163 8568 8134 4006 1600 6242 8865 6359 5312 3784 833 384 6378 7321 512 938 101 325 2271 6247 6608 4537 2025 978 843 3985 6498 4690
30 187 6613 570 1364 6623 9636 629 7488 5670 2322 848 790 2891 8691 6721 3175 1457 8975 1632 5415 1582 2861 6194 2669 6139 6339 1762 9398 7934 9354
27 2351 854 2252 1644 408 3205 3647 5838 8013 4519 1960 4511 6836 6072 5026 8720 3162 2665 4206 8280 5088 8393 1281 5466 7900 8092 9192
27 929 5952 5031 1505 2126 7327 6393 5496 4652 452 2826 5438 3568 5804 6530 6758 9465 4826 6285 5414 3990 7461 5158 8803 4895 9152 6279
31 7138 8854 7662 3235 227 598 1178 1441 6643 1258 6163 5045 3402 5811 7989 143 9552 4488 6078 7353 1265 9429 5094 5762 2443 1017 3450 6327 3148 6947 7886
27 4989 271 896 3139 4053 606 6652 8274 1259 7536 301 115 406 1461 5652 2290 536 8300 3761 6662 6517 4790 3842 4291 9164 2594 6135
29 9159 2586 3171 6664 9956 9484 2167 43 8076 9006 5429 7082 9855 858 7962 1392 5982 9021 2173 6734 6549 4022 5824 2437 640 7791 9586 8402 2155
27 5613 5917 2140 3557 9165 690 5556 5757 7401 1526 9821 567 7532 1094 1439 9066 3253 9758 8767 8664 5710 3498 5359 9642 4592 5717 9481
27 8709 6152 8297 961 5117 2221 1009 901 1304 5530 8047 4906 8278 6892 5104 5731 4164 905 3372 3397 6290 1443 7595 547 3289 2099 5561
27 1824 9820 9646 3373 593 7086 3997 2489 6230 2243 7802 2382 1102 1963 5956 3740 9998 3638 7325 7057 3294 7073 3841 1181 5285 9786 2406
28 4581 9913 3643 6459 6278 35 4394 8251 4289 5749 4019 529 7620 1507 2225 1391 4043 4202 1043 6937 6047 4462 18 3687 2567 1071 4540 3006
29 2805 4466 9887 1531 7982 7650 3733 9494 0 252 3481 1688 4101 3834 6735 9256 7018 7888 471 7563 3445 3843 7250 3712 8770 9134 1288 1136 6055
30 3190 1826 9890 1424 3640 2573 9816 5318 7605 2266 8528 6847 569 4316 6728 5808 1353 6594 9999 7425 7083 4668 9574 5518 5039 6324 2308 1105 4775 5033
27 4805 9075 5115 8613 6876 8381 9898 9994 7709 1647 3982 2833 1873 7893 86 4525 8321 4653 4711 7193 5922 8160 8542 1509 8582 1697 3021
28 2795 7979 9385 462 4082 2609 4550 9267 6385 4941 2946 1490 1103 9252 4955 8333 5617 7628 9239 3296 9313 543 4979 4631 253 4518 4962 9343
28 5500 1846 7475 3322 9772 7286 1414 311 3158 6690 3484 1915 2465 7043 5426 2888 8226 9070 4604 3792 5961 5190 5571 4571 6972 4552 3106 7460
28 5030 7918 5462 7323 4391 9242 3079 3904 3156 8655 2547 3817 5332 1046 5477 418 7129 7027 1850 2932 757 9364 1374 2214 427 3816 1345 3048
30 8946 746 7179 4951 6155 7543 7144 3242 2744 383 3785 878 8294 6367 6298 7130 8355 635 3820 5385 2662 9226 6642 4342 4999 8779 6506 9003 1399 1778
30 6885 9351 6197 4303 5653 7552 9836 919 8957 4566 3341 8040 7037 9704 916 7696 1409 7558 7236 5393 4861 6333 7198 4810 5765 7583 2211 2737 4556 7471
27 3384 4766 7120 9416 2036 792 662 1777 8483 7484 3298 2276 8185 947 2326 3535 9671 8113 9125 9275 7665 6273 4287 2571 6881 1106 1864
29 8453 8183 9202 3201 6563 8108 7375 3513 425 6276 6069 3431 6456 6386 6253 6398 8031 4149 8155 6853 6571 1984 3862 7600 1877 5196 3668 8548 4747
31 45 2921 3636 9696 1125 8850 3867 9033 4001 2391 2331 8398 4929 8573 6813 9303 2632 1517 4549 7994 3754 5778 7571 6196 4912 1841 1728 6654 448 870 9556
27 1191 6640 1100 9967 9027 1689 5163 1839 1676 7727 7873 9655 7792 2342 6698 6518 4010 9676 4846 4198 9331 9819 3369 1393 9687 4502 1185
27 4474 1779 6748 4697 2359 8365 7748 2415 1423 9529 7377 4179 339 7953 5775 2432 7217 7433 1901 1324 284 5589 6293 8002 796 5789 8816
27 2496 7173 3682 9751 2236 7910 8463 2207 6037 2100 3563 2314 2082 4637 1122 6953 3046 608 9746 921 6636 7019 8043 2779 321 7841 9799
28 8607 4797 5794 7161 5182 7974 5863 7338 3018 4958 6171 9964 5847 6406 9024 9570 9469 6712 9730 3967 3933 9550 5380 7457 1227 6028 5513 2678
26 6982 9366 4458 2965 4677 1547 2136 6473 6860 2629 6582 237 673 3096 6968 5013 5150 7963 4333 4013 9167 9978 8146 3057 6960 511
30 7584 6229 7781 9635 69 7416 3292 2154 7915 1802 3069 8391 3407 9651 2675 1856 7033 2226 3359 7079 2598 4554 3270 7169 9348 9124 1333 574 1739 2783
29 5777 4494 4122 5129 2860 1795 7572 9235 3192 789 1218 5501 6814 2017 5330 6742 3662 5001 6487 8839 176 668 1529 1974 9667 9679 1464 1533 3504
28 9498 3471 3914 2578 5949 9540 2531 8235 5975 2909 4657 4823 1280 231 4332 8982 5884 801 2208 5271 6825 4426 4681 1279 9778 5844 4526 5320
27 2713 8434 4802 9076 605 971 9439 5439 974 3379 8159 9179 9694 7363 492 263 8116 326 7366 4626 2377 6560 6077 7970 390 9018 7049
29 2452 1925 5195 2305 3620 6520 1674 5587 6162 7835 9970 2808 9007 9233 9959 2372 1567 211 7879 1884 7971 269 1497 2294 2721 6929 5161 3633 4789
30 156 6933 7674 2766 7402 3855 8751 3851 8958 9182 5301 4638 4504 9057 8352 5048 5732 9050 9295 478 6900 7504 9245 9176 9637 2104 1798 2268 9650 4625
28 9543 2607 8934 1976 7986 3411 4183 93 1707 8042 7450 3055 4428 3812 305 4424 7155 6326 9162 1379 4508 5172 8388 5091 4297 3663 936 2719
28 3877 1437 6635 6407 2201 970 1784 6547 4446 4898 7824 7838 6388 4918 4177 2387 297 2488 8868 8656 4073 8079 4012 1347 7386 9991 8132 8194
29 138 7566 8073 2384 8074 4739 4307 2738 4938 3212 1516 4168 5347 3303 4723 5443 5485 1195 1710 8138 7821 2159 1481 6911 3111 7518 4954 4516 2661
28 1942 9441 7648 7367 7667 2258 134 8377 2843 8794 2050 2780 9135 4371 5943 6106 884 2625 3916 4203 3691 5316 5101 7730 3779 451 1350 9527
30 5835 5832 2335 4769 4966 7769 1076 5079 3934 5802 7062 1861 5998 5024 6272 8489 6134 7514 7808 5060 9294 9137 5004 9879 6799 455 5549 5918 6157 3876
28 3153 9038 1330 7724 8204 791 2591 1541 7993 2552 8213 7645 8035 1188 6696 9292 5484 2910 5931 5754 7920 8888 8323 5812 6203 5948 966 6596
28 7901 7606 2069 6117 9190 5 4597 9939 8680 2558 3986 1069 2416 7612 6418 274 7750 17 5750 9026 9206 9945 2285 6011 4517 9723 2456 1627
30 13 1965 1415 3460 9930 9273 5945 147 6752 8848 1193 3835 9689 4456 8826 4288 7238 388 8310 3473 6957 5283 7311 5792 632 8567 6181 8024 8539 8096
29 4935 7256 1312 4808 5349 3291 15 1542 4692 1767 734 1349 5963 6213 9279 2010 8713 5394 5003 8984 5362 151 2579 9335 7647 9099 7435 9349 3570
30 4172 9106 957 6200 5472 273 6922 5610 9565 6971 7038 8877 9793 5661 3584 8137 4317 8295 386 755 3263 2750 890 8635 7799 7618 2537 8792 2493 7775
29 333 5959 1833 1348 6482 7084 4009 7842 184 9059 7045 9562 7531 8591 9118 8348 5565 2564 1450 508 4663 3338 712 9661 5402 8660 8228 1484 496
29 5014 1466 377 8543 4239 5612 8439 8991 9456 380 987 594 7387 7830 6192 6208 7053 6977 6400 1903 6555 3966 1019 5657 9082 5809 7553 4339 849
29 6808 4071 5097 8026 1835 5585 6485 3917 2410 2601 51 3277 3846 2390 4925 9935 9757 6302 180 6827 1180 136 9472 2392 6141 2505 5092 4897 1868
28 4662 4807 7219 1597 5705 6710 6057 7660 9153 6531 1166 8939 4546 4226 3672 5037 1224 6695 2490 7211 8209 8326 2109 4584 1937 3652 9100 447
31 4119 5919 1204 548 7335 6620 1123 1236 513 5223 7693 2595 4178 2647 6581 8446 1968 1070 4815 7999 6058 3466 1159 765 4121 7440 7711 806 2306 7697 6730
31 7136 9168 4801 6785 5898 7020 1241 8992 7349 9495 1081 8055 1564 8734 9370 4161 1636 3961 6334 4654 268 8692 401 242 3577 5408 8247 9894 7966 1503 5269
27 4433 1192 3950 9520 7865 964 7927 9499 3565 4732 8145 2004 178 6100 9483 4570 3419 9530 9009 364 5872 8556 4416 2054 3962 6542 3531
27 688 9695 3679 3612 1462 4942 1342 2161 4736 1749 9952 3121 8020 1838 3525 4750 7365 6476 1803 3140 2764 8485 948 5813 9422 9161 6625
28 2156 6931 8481 7026 7482 5478 7441 8389 6584 8988 4728 1389 8512 7588 1063 7909 7437 6739 2997 7372 5089 9652 8818 3946 6041 7729 4963 3634
30 2758 3491 8644 9417 5529 5310 1220 4104 4673 1174 9798 4520 8808 1585 924 4617 9359 3102 8319 2307 9749 2742 5663 3572 7220 8058 9912 3308 3868 1993
29 9832 7849 3209 2874 5553 4386 5654 1996 499 87 4272 5983 6674 7949 9824 1726 981 5187 3184 8671 7095 4932 6801 5575 4360 6308 4237 6149 2504
30 1959 6440 9601 8653 1021 1772 3764 4817 4703 2409 1895 9203 9842 1799 3147 3010 3983 6438 3971 5389 9920 3282 4920 3070 661 218 7858 624 4923 2630
28 6956 8447 6046 3259 309 5499 6686 4724 6630 2513 1754 7056 8925 4368 4280 3499 5573 8827 463 5494 9715 898 9221 6201 2712 9767 4256 1793
28 5939 2813 1700 4834 8651 9599 9880 3654 7651 9368 2656 8722 4743 3152 2256 2972 241 2941 5047 5722 2317 4362 2991 4411 4619 6161 7066 5690
28 5336 1186 3951 5829 2101 2096 8292 2274 6606 8214 2188 3488 1847 1358 982 2798 985 524 763 5626 9402 7501 2732 9865 1975 8011 2431 7063
27 1377 188 7449 6410 2775 4722 9107 6328 6097 3110 6954 4402 4578 8787 4207 5081 2270 4016 2172 8173 963 5599 121 8061 4257 2215 3642
29 8561 7639 2000 2472 1776 6125 2298 4478 2403 5100 8215 636 6780 7973 7012 4109 3895 7292 3222 7070 2787 1843 5649 3559 7154 7050 937 5915 3375
28 3827 3772 5153 432 304 5693 7467 8249 7105 2097 9089 1618 3685 3828 6624 4814 2411 3728 8869 5858 139 4000 7486 856 9710 1022 1991 8887
28 6668 7031 1139 1422 8765 8178 8488 4575 7580 5322 6574 8552 3095 6044 4365 4027 9262 4498 148 6605 4849 1586 25 2533 2706 3072 6974 4539
29 9321 9111 9288 7871 3659 3331 785 8417 8328 1836 3865 1256 3548 4379 3449 9800 3684 1616 3891 1684 6949 7749 8275 9101 714 2627 3120 5002 124
27 9447 446 5461 6113 9241 9961 7489 7163 4527 7816 2178 7404 7682 6338 7758 3890 6938 3255 5929 7293 2421 2978 9020 616 9474 7424 202
28 6770 5908 4717 5244 6016 8970 209 9044 8289 6609 8505 1371 2463 2428 6895 8759 5248 5272 8230 8380 8357 4209 7714 6943 6901 2119 7537 2611
31 5876 2446 7851 8299 3503 2482 2145 8615 6027 771 1306 2989 5601 9780 2495 6601 7702 4373 6924 1 6939 9337 4142 9684 7301 3135 399 7100 3697 8412 4977
29 4764 2847 8952 8885 653 220 1770 3745 9658 5659 4945 6434 55 4045 2939 6380 193 5810 599 8403 9234 7954 9205 1718 6222 12 2789 2249 1177
28 7613 2330 1036 9669 3283 1639 174 8642 8689 648 7432 7589 8255 4276 4845 6104 7189 7127 4770 6297 3593 9602 1874 9759 8244 1079 8268 3107
28 1130 8710 8118 3396 8714 7016 8111 2433 8840 3774 4243 4002 9365 1774 9716 3939 7591 2988 8161 1284 1979 7933 7128 1957 6867 6184 4866 6164
27 2202 450 7481 2752 9549 590 2337 194 5687 7776 6693 3241 6291 5718 733 4555 538 6964 7506 9938 9399 5225 818 8409 1550 2585 2494
29 4960 7937 1468 4068 6925 8162 2279 9223 3480 4562 1980 5951 6454 6206 1829 1504 1221 6403 3824 4595 7403 162 6723 752 3493 641 7843 4135 5392
27 1512 8740 8120 7575 7621 466 6919 5822 3545 3315 5395 9043 7114 2185 1469 8158 5498 8947 6004 5892 8157 6899 8032 5344 2902 7399 8392
30 6428 8450 8546 6600 9459 7295 6211 5619 8478 5401 4158 8917 6590 1320 5600 2171 4167 7700 6940 9528 9701 6132 6071 5452 7977 9557 6415 2881 7593 8805
27 8207 49 9811 2555 6292 6007 9936 4044 2511 6138 7009 8248 9411 3463 2951 2327 4299 7624 3029 5888 8010 3066 4367 8981 9916 6955 8314
27 5535 1768 477 7528 6794 1592 5457 7931 9889 9545 3290 5854 5504 2006 14 461 6336 4991 3017 2002 2363 1633 2559 5805 2067 9697 7911
28 280 7448 1983 2570 8237 5525 9407 6409 3234 5514 7345 2389 8371 2617 917 5790 5755 8269 8800 7797 5656 293 9004 7453 8081 1615 5635 711
27 2038 8078 6578 2933 4777 7180 6500 6522 3100 5900 7815 6927 8604 430 1853 1598 7834 2929 5468 4285 4772 8962 1978 1396 8060 2850 2623
29 3875 1048 1062 1140 5696 837 4788 9477 106 8638 5189 7767 5818 2080 2657 2369 1819 3650 756 2164 9801 2831 622 7490 9878 7738 6762 9188 9255
29 2823 9740 4568 7752 60 6912 9955 2536 2983 3086 8330 1292 2818 3269 8135 1606 3113 2319 3549 7825 8069 6089 8104 4850 6761 7090 8986 2213 233
29 9215 862 4765 1860 8540 5251 5744 9585 2574 2562 2320 3797 778 6719 6026 7924 4970 6962 7635 6875 935 5143 3613 8742 4927 6503 7029 1928 4594
27 5008 89 1499 5680 208 2868 4672 9949 7812 1419 1023 609 6060 1667 6166 8534 4541 7495 2676 3413 5319 2694 2927 9542 5543 836 2791
28 1579 5057 4796 4944 9286 7383 7607 5138 2435 8262 5382 2651 8144 5162 2500 6433 3343 1848 5131 3973 3965 2240 8252 5016 6784 5849 5021 9558
29 7427 4830 5595 4214 1152 6767 682 3040 4083 1307 1986 9502 2720 7549 4862 2300 4232 1346 1338 6736 8397 6081 4484 9905 9524 2510 2907 1522 9969
28 3628 5206 5751 5456 7430 6634 4273 9990 5277 392 4844 292 1544 213 6048 4800 1240 5986 2696 9357 1687 2553 1337 5985 7156 9869 3540 7348
28 2090 9756 6509 4152 6746 6859 6419 4079 1096 5584 8813 5108 1029 4277 3978 2043 9426 3261 6604 7535 7451 9036 5686 3588 9001 556 8240 9204
28 5967 8356 6983 4629 7259 3300 1149 9531 525 3892 2897 1796 5909 6175 6565 2945 1941 4618 6987 9298 9259 6702 2638 5261 990 1607 9296 7272
30 8725 6570 5465 7175 6595 7864 2141 3610 8834 674 1028 5133 8677 8976 781 7077 7431 9823 2231 1502 1619 5469 1475 2529 7666 2667 8164 2487 7294 9510
29 586 4115 6796 8503 7279 9980 1095 365 9675 204 8602 8562 8855 9160 3941 3389 407 650 7350 5099 7565 3221 459 6797 1474 677 8374 6038 4184
28 3492 1842 2 9382 3716 7406 5424 2194 1132 7190 4818 6098 4081 7739 6462 4129 4094 8271 6035 4211 9048 8202 8836 1834 5907 4827 8387 900
28 2636 3025 8227 8875 2479 9719 5683 2745 6793 4370 7610 7753 3310 8390 1170 6846 1736 8414 1845 4987 3768 6108 3578 7717 2731 7223 2925 4821
30 2851 577 7545 3656 3099 1429 5144 5201 9350 5159 6329 9771 1723 1436 6684 9923 9196 8764 3571 1652 4686 1476 7736 7465 808 6713 9947 4683 3580 6413
30 2993 9764 1339 3987 9120 215 2057 9315 2247 4885 4579 3670 5768 9287 9008 984 6653 3805 4305 4853 5625 2461 4324 186 2491 4688 378 1323 7270 2367
29 4852 4469 3775 191 2769 4200 6464 8791 5739 3304 5366 9482 7560 1483 2114 9355 9047 1906 2029 1087 3097 4744 6254 3478 787 8516 7789 5178 7722
29 6975 2652 5771 3260 3763 6000 7203 4231 8553 9554 3388 7942 4021 8956 4074 8148 9197 2292 2886 6789 3052 6122 8163 8632 3998 581 1015 5216 2217
28 8961 416 2599 229 7773 8375 1440 9324 5523 391 1889 223 3629 5833 5786 4328 1858 2133 5636 7685 4041 9486 6289 9253 6169 7002 6240 9941
28 395 476 6778 5116 4018 8711 5446 3821 1532 8358 7000 7443 7740 2546 5978 1169 4534 5927 260 1200 6592 7197 3752 7604 31 6755 4708 5707
31 835 6130 4974 7395 4803 3762 7177 784 7065 5274 9220 7955 3863 2913 2606 6176 8338 2125 9040 6946 646 9846 3365 3624 7658 441 344 240 1891 7608 3748
27 7708 61 5566 1907 62 4828 743 4864 8894 2122 3314 710 9381 2508 3576 5419 370 8795 2628 3864 3257 88 1626 453 9505 3403 1637
30 389 9014 3452 5564 6092 1554 2137 5368 3644 243 5071 1643 1709 5830 6829 1494 4414 7546 8034 8291 3732 5893 5364 7895 3438 9713 860 3931 6639 7641
28 152 3198 5973 9304 1558 4867 6341 150 6750 7784 6225 545 8337 3317 4551 3853 4438 5651 6528 4928 4234 6066 6593 1951 5536 9748 4254 2659
29 6603 846 7329 8324 4144 4639 8442 3558 6300 7455 7407 9993 1935 6187 1452 3888 3400 1495 5554 5078 6568 1699 2374 4733 8306 6921 8487 3901 5644
28 5147 5846 6168 9621 158 3091 9892 9853 2722 9067 4591 1244 9501 7557 7126 7836 6494 7961 829 2958 3980 2784 1685 5864 2572 5859 2968 98
28 9692 8170 1148 9702 4655 7158 9238 484 2937 1692 8089 4344 6646 568 3657 2224 4557 3371 2650 5979 7913 5243 2340 8555 9148 491 2781 4978
28 9850 5914 9130 3845 4252 8239 8646 3500 323 1092 9664 331 6915 7692 5758 6861 2181 5733 9946 9578 1362 3022 4038 1815 5937 2441 7322 8696
27 7539 1067 1926 4716 1994 7513 4185 3532 4062 9127 6849 8752 9207 1413 5648 8425 1366 3690 1334 5544 8287 8940 2261 1881 3083 7194 4915
31 6430 6340 1769 9594 4392 7611 460 9428 4553 7944 4134 1620 9376 9812 8189 8115 2730 2837 9810 955 2174 591 3964 7302 8126 5120 4746 6783 6823 7654 9154
28 7511 5721 7060 663 6322 236 2774 3544 8603 5906 1908 4612 6129 8601 2527 9560 6649 6195 3077 1157 7092 9789 9572 1305 3274 3467 4707 7134
30 1587 4804 7229 6425 1670 9804 8063 7980 3949 3486 4385 111 59 4028 7429 7001 5800 7271 4623 9981 5463 8312 4528 4075 7754 1470 516 8236 3918 5638
29 7855 4259 2858 1421 1985 3537 3001 1735 9425 8593 9500 686 6018 9389 1719 3067 2653 5236 3621 3428 3189 1859 4265 8955 2093 575 9971 1738 819
28 3611 523 2524 5109 357 5210 5435 2021 550 2802 1557 3721 3464 5972 6362 6146 1973 1565 246 5623 9210 6501 9022 4337 9023 7008 3038 7341
27 1595 3575 5128 3 443 8754 5759 793 4363 9760 4869 6025 8038 4851 9325 5447 595 244 1844 8729 2655 5719 1786 5569 3345 3872 1397
29 4753 3832 8523 7309 4917 7519 7679 7061 5376 8876 1671 5175 4375 5198 922 2348 6644 4740 2321 483 122 2773 2503 4270 7332 497 4548 6264 9770
31 3039 2098 8090 94 687 3324 6973 3412 704 4621 926 2892 5068 1158 6145 2577 2413 1830 4434 5056 4609 1591 8825 9333 3627 8510 2885 127 4461 2386 8909
30 327 7643 3240 6683 34 2963 627 2519 3573 6744 4640 871 8318 8413 709 5450 4776 3301 56 440 8379 7780 1902 6694 7998 4961 9041 9452 825 7936
30 701 671 1691 1014 6150 7147 6452 2637 4315 9314 1545 3546 8967 71 2682 9996 4112 1537 1336 6863 5602 7786 1617 298 2434 8554 4479 3522 7362 9982
28 766 7394 6030 5460 3186 164 2853 1609 2083 9917 7282 5417 9455 4351 5378 2111 2792 4842 97 6458 6116 4176 2360 5173 4840 5618 8819 3517
30 3016 1566 816 1285 4896 6516 5307 2770 6747 4325 472 2867 3631 1128 6484 1530 7385 7803 762 5655 3337 8570 1663 1506 8045 3614 2514 340 5953 7215
30 8057 5370 9117 5545 2293 1239 7408 3348 2728 9854 6233 161 1880 1126 1314 751 8610 6204 6050 2420 4441 5421 346 7659 9881 7477 2448 8105 1851 7540
30 3448 4891 9054 4754 5134 4400 2401 1300 8897 1127 3683 9973 6318 9051 600 5132 700 1057 8133 2702 9944 8212 7182 1447 37 7281 9535 7801 1001 6301
28 3265 1893 3501 6961 9627 4567 6990 2797 7046 5397 9012 4952 9250 6716 99 2315 4482 4389 9911 1356 7017 6771 2454 9962 3601 6883 7806 2480
29 3922 4322 474 2442 2399 906 5020 8726 9745 4117 4306 3742 6183 1695 5817 3609 6611 9169 2492 2602 3012 4675 3133 4319 3800 7106 8918 9403 8465
28 1752 9584 6258 1197 3757 8368 3326 7316 1427 4856 1548 9497 225 3003 270 1383 9077 7410 772 1992 9638 7902 1061 105 480 3958 6830 6511
30 4052 8698 7343 3383 3278 3898 6766 9121 5396 2281 4542 546 310 3246 32 6706 9214 324 1246 807 1065 3230 897 10 8174 6002 4412 4998 3530 1921
29 7828 9561 8399 5377 6275 5313 4093 541 4874 5293 4262 560 1214 3879 1914 2237 1456 8217 4404 6087 6870 1388 6101 8302 7713 5870 3101 2957 7534
29 3233 286 9361 9933 1124 2768 2468 3528 3195 1797 9835 6252 6085 2014 844 361 1918 3602 5841 761 8704 2102 8451 8648 4531 6447 368 5779 5065
29 3387 7995 1038 8969 4217 1890 7957 8634 760 4145 8206 4032 5281 6811 2759 7044 1876 1376 8171 875 9142 6886 1989 9813 1812 3041 4793 9330 7260
29 9282 7297 554 9797 9735 5436 2375 3651 9851 1020 5578 6976 109 8814 6450 6282 9734 5252 6120 6682 8930 4558 4403 2302 4407 4682 7319 3857 531
27 5703 8657 9236 4415 294 1093 6437 141 1032 2735 9862 6115 6908 8378 4421 6170 4493 307 4301 9926 6342 1669 8535 3354 9765 1875 1596
29 3123 2550 3937 7458 9384 6421 9329 5850 6436 4110 1668 3058 3131 6010 7258 1171 5622 5174 444 4372 7959 3793 142 2729 9065 8100 8959 4345 5674
31 2717 4114 9988 994 3899 4279 9150 1913 1521 2334 22 9733 6697 7939 9249 8345 376 4471 5827 1403 8684 7041 5745 4563 5932 4907 6408 1705 3161 8443 6576
29 3592 7324 1040 6250 4560 4636 8176 7379 2525 4396 8628 4988 1405 1056 539 3692 2206 6009 4070 2592 913 410 8531 9450 8777 7192 2716 7885 1298
28 6543 330 3781 1053 1923 3033 5303 5176 8211 5547 9857 2705 1952 9334 7075 3605 6396 9567 7964 8524 4029 5358 4468 4042 5633 5609 4881 5486
29 8669 8125 4870 9079 6677 738 9055 3830 2233 1242 2028 54 8659 683 1892 5577 3418 4704 4056 3394 4216 8998 9063 809 262 3796 3349 5551 1651
30 5260 9053 1472 553 8566 7442 1659 6816 1898 4348 5763 5793 353 8899 3923 3028 264 6851 3204 8082 2726 3475 6831 6903 4336 6534 638 4590 6564 7774
28 1143 256 1051 9754 8421 3804 4487 1603 6708 1622 8815 7340 6182 3801 1054 4656 1645 4742 742 3093 1381 6548 732 7094 9613 2123 5365 7652
28 4949 3681 2228 4186 706 5022 6286 1253 6567 8668 7195 2076 2019 1482 7102 6991 255 8571 1748 6373 5145 4449 6569 6577 2088 5375 2561 1635
27 8152 8431 8829 2013 7952 5167 4251 9149 7462 6705 5292 4425 5839 7656 5594 6877 5246 3252 7255 5141 5217 1277 4646 2749 4699 5897 8395
30 7080 8097 4246 7496 5632 3177 9097 6519 7296 2917 7745 8224 6707 2148 6941 1401 5114 5924 64 4261 6788 562 8467 3023 113 859 5231 9615 869 470
29 3511 1573 5492 6655 7976 5726 6622 5010 4193 400 4665 3507 4835 603 2981 9424 9323 4118 3031 9512 4154 4427 6241 2383 2422 5593 1270 6969 7559
30 2870 5604 4049 9992 6231 434 2873 1198 6295 8627 2280 9575 7785 7312 1498 48 8190 5958 2299 1955 5697 5321 8136 2987 5337 8637 5430 637 9015 4659
29 3249 2182 2649 8745 5598 4983 8746 3625 6186 6344 7209 8296 4547 3778 2204 998 9630 8196 2453 6064 2361 1041 9680 7228 7119 426 3226 2786 7756
29 4182 1660 9166 6864 9817 9937 1203 4356 7142 9270 3362 2052 527 3705 1905 6837 4033 2447 7023 6589 1569 3523 3521 7048 1378 573 5667 3769 411
29 1641 7006 3630 7253 6237 504 4486 2313 9289 5879 2030 6997 7990 6137 5379 5646 7898 302 9929 1733 1090 315 2856 983 2691 940 3404 9995 8009
30 9714 1386 1060 3302 3735 6995 3836 8913 107 8641 135 715 5169 3435 6143 2800 5540 2466 1654 7064 9532 6118 8359 4613 5728 3930 6052 5372 5877 1508
27 3720 5984 5815 779 9708 5188 1368 2064 6515 1226 6460 832 6544 4312 2658 414 3378 7710 3178 9744 2162 7287 6832 41 3030 1551 7162
28 9861 8404 8492 40 8273 1217 6221 8741 6236 6824 203 4383 1948 1223 4669 2714 3552 1216 8703 9319 885 2284 6631 8197 9347 9094 3159 2497
28 3288 7015 9732 7985 979 7087 7872 8154 5425 2068 4720 1934 2404 4633 318 8972 4645 1523 1201 7446 5363 9108 8802 8994 8165 3024 1653 6632
27 3169 5740 5516 4784 3049 4137 4205 4229 9690 4153 1742 3011 8883 9877 775 3068 4787 179 5871 3750 5558 374 3239 2834 287 4235 9932
30 6261 4467 2378 3210 4773 8052 5226 5051 473 1302 4247 1082 9281 7213 2900 7005 153 8373 1117 6045 992 4854 7530 2199 4783 6325 8077 3645 6587 3143
28 4397 1746 3903 5333 4165 4627 7777 7317 1679 2799 4990 2825 249 628 6692 8168 9683 7231 7314 5111 7269 1018 6981 9277 1765 5678 5029 6441
30 2822 493 9157 8166 6474 2051 6822 941 4048 3802 4095 5304 9116 2686 6757 6448 3599 5242 840 2596 3000 9775 5437 5445 7644 3547 3092 2075 4111 8385
28 8590 4481 850 5005 8954 9989 8911 1810 9126 7091 1206 5428 4713 5947 8908 8960 613 4860 4670 8064 8382 699 4593 2203 5586 2400 9555 1363
28 3968 5245 9755 7109 7992 1612 320 2158 1871 6412 4293 8611 9458 7112 5842 2219 4406 7578 7373 4491 6126 4651 8088 8672 3993 3758 8360 8629
28 4634 1712 5997 7116 768 6676 4745 7755 1118 9720 872 4658 189 866 9673 9209 4103 3615 4649 2543 4968 1031 1930 7544 6311 3474 9782 7577
29 2198 8678 3618 5298 8697 8293 4282 3803 2846 5474 1309 798 2092 3974 5072 8688 2364 6725 9896 8 6107 6852 1500 5521 8708 8880 6821 2530 5208
30 8141 6198 1187 6980 4507 7744 2395 5126 173 1821 219 9921 2986 3174 345 6345 9453 2034 4946 6417 8674 488 8881 7224 9620 651 8987 145 6680 3386
28 9246 6879 8586 1049 6348 1229 3281 5911 9274 7243 2502 1650 9010 639 3616 1673 354 4187 5923 7814 7145 6281 7602 2844 4841 5736 7655 4171
30 2440 6423 750 552 1590 1024 721 6618 5596 2470 6296 9375 3191 3416 9792 7035 9283 6376 303 2246 5920 5866 8521 9569 5017 9576 7166 8225 8216 6835
30 3060 2672 8504 3027 8890 9515 289 9356 8022 4004 8912 7761 6191 8844 8332 7344 9609 4819 5493 355 967 5620 5449 2545 1995 8736 7478 6776 3472 1911
28 1788 6245 874 4455 9761 6731 1160 3430 110 5311 1589 9311 4011 8882 131 222 8313 9641 9396 9639 5250 6661 9069 6136 5734 5591 1690 9478
28 1387 8903 9042 4710 4181 2622 975 6559 8588 7847 9979 8455 3695 4417 2151 4737 7438 1910 549 3935 9086 4296 4108 6717 2501 5507 9847 4576
27 3179 68 1614 1448 2677 2918 7227 1098 7135 7032 2124 6082 4160 2540 5505 381 6443 8817 1343 4024 4210 3424 9353 4346 7861 6142 4916
28 5383 6461 5237 5171 9777 9504 1904 420 9317 7950 933 9228 9845 4128 6998 9893 4752 3945 165 3924 1646 7619 197 5936 2848 1184 3285 3952
28 7216 6890 968 3323 6868 4514 4377 8322 8493 7257 8857 3635 5664 5220 1535 3814 5331 9779 9614 4253 8229 3699 1686 4877 5276 8784 6942 8694
28 9211 9136 2005 4311 6504 7022 7347 6470 6331 5121 2062 4212 3926 1553 5202 3287 4059 9487 9085 2458 3509 3002 7354 1449 882 6442 3829 6065
29 78 8315 5149 3333 2756 1025 3731 1238 1525 6572 1683 4047 7554 8686 5122 3920 9564 9674 9509 7783 5563 8354 9859 8243 1209 5559 8928 4965 5211
28 3756 8432 108 2755 3671 2429 1917 5406 5355 5035 4564 6882 1929 8650 6321 1927 2425 8491 5977 3217 1078 1129 6478 2264 3760 9383 764 9837
28 8595 405 7011 4480 1210 2801 1865 2679 5235 4726 8889 9809 428 6006 9666 9119 6512 1720 8459 9656 7862 6917 2072 1594 439 3074 946 75
27 436 2365 8625 6284 9258 7719 5784 2142 2947 360 8222 3686 6749 2032 8051 7206 1640 9597 4781 9062 8427 3084 8522 7930 2143 4685 8670
29 7794 182 5942 3126 4573 9831 956 2613 6740 2286 881 4266 2121 7290 7725 9617 645 8023 1471 1075 3564 3358 5981 1716 6920 4913 4353 5007 2254
29 962 9488 7946 1066 1175 3036 2058 8737 36 2788 8466 1000 123 4583 7276 5519 183 4310 5186 8303 6383 9132 2619 735 3727 9563 1369 4585 6804
27 6319 5213 9632 9397 515 7239 4642 3770 4785 532 5701 5894 782 3461 7779 6768 1213 4894 4208 5328 8127 1546 2990 6360 5054 6390 7021
32 2223 3183 660 4166 3339 9984 3405 1787 385 7561 7202 5407 9035 7076 2408 4423 5716 7615 2695 5899 490 6685 6803 7254 9146 880 7074 2976 4026 3138 7805 7688
27 839 9227 2526 3380 1042 7878 8793 2176 1837 1045 3839 8094 2683 8597 8276 2379 3737 7634 6913 708 372 692 5711 4600 3366 9607 2338
28 1568 1734 747 9073 2352 2106 7751 6550 3340 6989 997 4992 3806 4761 3677 9513 4865 2402 1757 5165 1514 2566 8084 2498 1967 8290 341 9418
29 8980 5262 2241 1205 3268 7603 53 7891 1411 2318 2654 5192 6773 9158 9 9547 7795 6905 2118 4886 2081 1072 7055 4741 4666 47 6722 3422 5723
28 2091 4632 4099 2239 1293 9665 6817 7869 6268 6914 2412 3456 8015 3747 6075 6180 9551 1806 1273 6067 29 316 4721 6828 2385 3589 7978 2681
30 5482 8544 6638 8472 5555 1520 5400 8418 4221 2499 670 6188 5096 4892 4930 7298 2869 3512 3231 7003 438 748 4755 11 6 8749 5032 8070 6810 9700
27 1035 8286 8733 8445 6379 5228 5296 565 2931 6224 5890 5848 5135 3674 3047 1156 6792 9693 6934 2210 2865 8685 4936 9828 5712 7178 4188
29 6781 207 7574 8851 1756 9115 3881 8790 1299 5570 9883 1104 3273 2685 7884 965 4902 5541 5957 7832 347 4308 8075 8811 1576 3959 1295 8514 3436
28 5955 6729 3385 2506 7485 393 7896 3780 358 3608 2325 865 7025 6741 1416 8996 588 1058 5338 4102 1827 7512 2964 77 5548 4674 2809 697
29 295 7822 9538 3051 659 2747 6262 8569 6274 4457 4997 4130 8755 1176 6945 5727 6539 9103 8186 1252 7874 3497 9605 1900 4105 9579 8317 3059 9784
29 4349 5209 9891 9268 6966 216 2232 5168 7304 5509 3515 403 4294 1771 6743 2753 2568 3432 8444 7067 1987 2934 1311 3141 6818 9244 5960 7422 9958
29 4398 90 1805 350 3954 7249 3443 4015 9393 8476 4857 9247 5441 7860 6591 5356 1050 5692 6232 8856 9265 8951 3447 5515 730 3979 7474 5836 3116
28 3505 9470 8547 6283 1430 4795 3587 3715 4559 5413 2040 9906 3893 5152 6904 8200 505 6759 4786 3738 4536 296 7376 7517 6495 4890 5930 419
30 3145 9960 7720 9492 6936 1267 6657 8201 1932 9781 619 4201 8347 3795 9844 7099 6629 9297 2087 7262 9171 1077 2575 8739 4366 1981 8195 1473 4063 722
31 2150 8103 6227 6062 6093 130 3696 7381 319 9437 8993 6715 8862 359 6612 1721 3271 611 7737 1780 1291 4159 6514 6109 6355 1869 6251 1943 2516 4956 2994
29 8896 1704 1275 5968 2701 6779 3151 8460 9870 1680 9412 2355 3771 8279 9344 7196 5806 8420 9518 7051 3115 2089 2612 9074 3014 3207 9580 2804 2149
28 2297 6151 6363 8530 238 2838 2674 1121 4691 6820 7525 8231 7104 4157 369 8614 7823 1624 853 1528 9449 1297 5009 7923 396 5374 1268 6216
28 8849 2417 4543 9787 817 7625 3332 5637 6615 4174 3262 7400 8507 6701 3894 9232 5643 4780 3718 2871 1534 8456 2884 3237 8218 5432 126 6202
30 2139 3236 7047 8971 3560 6351 7715 6105 2450 1064 3176 8131 3606 2699 3543 7346 8422 9400 6353 8396 8054 104 8863 1658 9903 889 4995 8501 6235 7899
29 3873 5798 8654 2916 2135 1604 6299 9648 1549 2457 83 2887 2859 1621 8871 8860 6884 2333 4357 9566 7669 1202 8838 8606 20 7951 2670 2956 6051
28 2803 1113 2042 2930 2569 1804 6212 4444 6015 4431 6552 3849 2165 7493 9122 8401 4321 8643 3485 4939 8557 4848 2896 3157 3355 7631 1946 8618
30 7833 8424 3704 9200 5387 3707 1588 930 4387 841 6795 4124 9654 7877 9414 6772 8990 2312 507 9017 6140 8612 7034 9972 8576 235 9320 9071 7854 4964
27 6687 8797 5668 6681 5714 7359 6562 4388 6185 5533 7370 133 9002 713 3213 3928 7040 2974 4982 7454 1912 3163 5582 6153 6266 5361 7887
29 3709 8551 7704 5886 16 82 4393 1593 7675 5769 7419 4921 4873 8989 6337 2882 9830 1763 1702 3976 8735 5715 6602 6248 6356 3583 6496 655 4275
28 1425 1816 9039 5151 8046 8050 6361 6535 5028 9815 7983 3124 1467 557 95 5076 7889 5340 8331 4464 2222 9603 1005 1714 6932 9438 9410 4678
28 8372 3482 7421 9408 3164 7149 1322 4465 6675 1849 3194 5803 8509 2615 6439 6492 398 8199 2827 6165 5995 5155 7972 8110 3168 4512 5681 6588
30 8172 526 5325 4060 4067 7890 873 5224 1344 5512 4588 6666 2928 8801 259 3700 3753 6607 7248 3408 7283 1335 8806 1153 8929 737 2170 3840 8768 7820
30 7426 1999 5062 4759 2554 8003 6790 3347 2301 9795 200 1693 2725 5124 2998 877 8254 758 9525 248 6394 3809 7266 7905 1583 7125 3406 2915 6952 4331
28 159 8415 1410 9123 4933 4694 3203 9954 7664 2522 5404 2842 4098 7859 2287 6802 6965 7093 7550 5788 8342 5776 5660 3936 5471 6435 6546 4901
28 2698 5324 2715 6374 8910 132 1998 9186 8974 4684 5480 907 2235 5606 8926 8288 7881 8626 9237 6095 3689 2160 5342 717 3311 5774 265 9741
29 6845 1831 2152 9352 4249 8575 9467 2687 2179 8477 3228 5083 4295 3759 7058 3137 9276 4836 9726 342 1463 1107 8716 8192 44 8376 7817 6650 5987
29 7337 3972 6003 2048 8701 5706 6128 7981 8182 3144 4281 258 7157 8436 9326 6350 4610 3594 6307 3999 1438 4283 8308 5294 9863 9987 4354 5562 5738
30 7653 6392 8383 7695 2971 1465 397 8285 8001 4889 620 972 5699 3284 6508 3063 9876 8999 9587 1743 7646 2180 1155 7498 2065 3938 6573 5845 5851 5823
29 1938 534 4169 8130 3623 8937 3272 8581 2707 6364 8245 9092 5974 9672 9390 5746 4522 8587 8563 4429 7497 9722 2824 8527 509 4872 9829 8715 6014
28 8184 4701 2693 2614 8277 9537 679 8263 468 7614 4435 1172 855 5027 66 5590 3085 8367 9401 1332 8748 614 2778 517 7856 6633 7153 4329
33 3660 2584 7914 5552 625 5583 6970 1745 3536 221 5323 7278 943 9634 2011 2020 3622 9261 2970 802 8707 5212 7168 6023 7444 8065 5624 8747 652 4947 1672 6598 7690
29 3075 7096 8781 2037 5713 813 7110 5772 5434 4163 7122 5106 4599 9367 1137 7200 7500 1578 6505 776 6259 9379 9508 3351 9788 9080 9388 6133 2103
29 9371 4574 5475 4937 4050 4718 6411 9753 1759 7097 6210 39 2877 1761 3026 254 6306 5098 6967 7098 3749 5753 7252 6053 1800 5398 2059 4097 582
30 2368 3425 773 5528 3149 6445 8766 8933 4809 9808 2009 7925 8907 7459 2645 5346 6111 5741 285 8997 8457 9843 9225 7857 5702 2938 7731 120 6663 4131
30 2265 4671 8927 6871 9095 6481 5348 250 3465 2624 5055 7352 2548 3798 777 9060 7556 3927 5154 8429 2192 4225 6391 8789 3081 1947 7677 1255 9841 973
28 7494 7014 3172 421 5783 3019 7369 685 230 718 7928 6763 6063 6228 5695 633 834 5043 6691 201 6477 821 7052 566 8658 2807 1954 5666
28 6497 128 8841 2914 3238 1412 8620 2289 597 8499 4127 5137 8775 4943 5971 3574 7813 759 1649 9663 6158 4409 857 8533 2523 1727 2952 2518
28 9328 7787 5345 8833 6123 703 996 4190 1317 8760 1825 5282 7288 3889 4139 8370 4191 7225 1970 7170 469 6986 3706 4196 1820 2291 2016 4347
28 698 2557 3350 8820 589 4975 6215 4413 4679 4544 5249 9280 6996 920 9098 8758 4162 7333 8662 1949 2190 4155 3098 7413 1446 371 5991 6614
29 2146 1271 9951 1278 931 908 33 3299 3912 9254 8067 7766 9309 9185 1451 5268 6714 5399 2022 6894 1251 137 5184 8823 6059 2345 7772 6732 85
27 8121 9568 6234 6073 3318 9394 8256 6160 9919 7423 8448 9081 838 2251 1840 8843 5123 1006 8340 9479 4036 5665 6916 5650 9358 503 7502
30 7320 7782 7030 7529 1822 2841 9391 9546 1433 5074 4292 9087 4565 1144 3585 1142 5737 6079 2660 5708 2515 2455 5992 5305 5677 1958 3906 7926 283 8636
27 4980 5334 3921 1398 8884 7870 6309 5084 8025 9976 1395 1920 5306 8140 7681 2245 6689 2460 9269 5607 7339 8690 2257 6305 6513 1367 5517
30 306 9049 9243 8592 8624 879 5883 5925 2950 437 2183 70 9728 4147 1642 7586 7757 4838 4738 500 7826 6034 6536 9849 5232 9285 6988 578 8683 4300
28 5233 1956 144 5855 375 9825 5353 6738 1326 257 7906 8106 5219 3061 5270 7499 8336 4924 3566 945 7469 8853 4908 4984 65 8270 3913 3818
28 275 5069 6493 3367 9721 2782 3439 4194 2955 9173 1163 239 8066 6156 4072 1613 4085 4911 46 3617 1208 1628 9686 4798 2105 7837 9544 6405
28 3632 5934 7244 2186 5102 6727 117 2961 5012 4140 300 2066 6471 7882 2475 7912 6343 4399 2449 9541 3739 1183 7523 5527 3197 8771 7718 960
30 1434 7245 8039 8386 6475 9966 4126 4030 7800 6538 3887 8944 8253 5770 1962 2817 8550 5479 887 9928 6469 2641 2356 6489 3352 9112 3457 8978 3334 6090
28 23 9747 4909 3702 7728 6616 9380 8469 3398 1228 4284 4215 3944 3180 2631 8757 6083 3666 28 7391 7445 9201 2393 731 9293 4791 7747 1766
29 4107 7235 1909 6910 9625 899 7866 5760 1370 7291 9110 76 1097 6457 475 9312 2110 7143 1823 4863 1355 7263 5381 2197 4138 3173 6524 8631 7326
27 612 8565 5483 2343 4304 7538 3489 5861 9260 9090 2116 6352 863 7167 4756 8773 5640 2362 4731 8676 7687 4150 8219 4580 951 9918 2084
28 3076 3258 2876 291 9629 3667 5506 9660 6472 886 3553 5905 3502 8329 6841 4051 5989 3244 3751 7945 9305 7139 3848 8241 6667 2444 3529 2894
28 6557 5889 6928 5207 571 3722 9864 1012 4521 3487 2260 3453 799 7948 8780 9507 4244 912 7479 9028 5576 6926 2282 1237 4820 5317 2901 8799
30 2922 9581 8835 6819 3306 338 9856 4350 8517 3215 5023 9910 6238 1489 2576 8560 3897 3869 2229 3433 5267 3787 1982 9950 4884 7152 9927 3279 6480 3595
30 175 602 8948 1751 7516 3442 4408 2346 5218 74 7671 3078 8191 228 2743 9091 96 7221 3790 2639 1296 2347 6455 9198 2250 7121 205 7371 518 7917
28 9031 7439 9019 5181 7721 3479 1944 3777 4792 8369 6449 5259 2534 4120 1713 4496 2070 6527 6270 4220 770 5140 4993 2269 6159 2380 8470 9212
29 7576 9446 528 3919 8936 9773 8012 8577 739 9093 753 4515 7846 1418 8796 7763 8667 2113 3539 4778 8059 3309 349 9953 2866 617 1313 6656 2436
29 8267 3128 479 8261 8549 1138 1151 6312 4483 5222 199 2397 5579 3382 7831 7307 514 9653 7447 7956 433 146 876 2751 6745 1634 5280 1665 5921
28 7609 5532 1037 4442 1961 5682 1245 6218 2001 313 9839 67 7701 2560 6365 7673 6724 8233 2580 3969 3032 4463 7734 8343 2942 3719 5042 9914
29 7382 3833 6935 3524 5724 4495 8968 7392 7468 7268 868 911 954 1146 9595 379 299 842 6839 5891 8405 1232 5300 3045 8559 587 8298 1315 3708
29 9872 1539 4757 9592 3992 1969 8727 3420 266 7415 5592 5000 8661 5761 9177 1783 7630 3293 3822 1116 6700 7657 4485 6887 8810 4532 2273 2879 7492
30 8033 3117 1813 726 4091 2396 5082 1373 9406 5887 4577 4833 1402 1459 8842 3514 4340 5295 8866 8056 1230 7819 7594 5873 814 4615 6377 8640 5227 6787
28 9688 9743 3044 5910 3275 2642 4089 6553 1883 8617 2120 4825 7809 8630 9668 2593 7273 7141 5061 7599 3561 4624 1479 7411 5215 1916 2634 6422
29 8786 1764 2332 1818 2350 9263 8526 9485 3427 8486 2230 5064 140 1701 1885 9729 2130 3960 9345 5034 1696 3087 9539 6317 9582 1263 7852 5418 63
30 8085 4057 7638 5534 2633 9874 8798 3182 4003 5403 4064 9871 5063 58 6147 7378 2485 904 1623 4023 495 7420 542 6909 2328 3940 8953 788 7315 5193
28 4447 1807 2244 4622 6255 4323 7840 689 893 6918 4914 4985 729 5752 2187 9427 1581 9611 8822 1605 3673 9948 6086 4271 7741 4422 9873 7456
29 9155 3782 4996 7230 2085 7176 1750 9133 8458 1872 1724 564 8426 2704 2324 2708 6963 7848 535 1561 9373 1501 5341 6769 2248 891 7938 4767 2288
28 8346 3551 336 1809 4976 9302 2748 7592 8728 7305 5550 5852 3981 3441 5299 5531 7181 8107 847 2733 6805 2588 7520 1518 5747 8743 845 3810
29 8099 4616 9037 7922 4529 5797 9803 6205 5878 6084 3330 7355 8665 3390 4779 4258 5539 9405 8016 6043 2880 8102 8852 2405 7770 6068 6371 4419 2507
30 1141 2209 5557 8977 6756 4156 555 2762 190 5821 4241 38 7958 394 680 2671 8283 2341 7585 7732 9711 6834 4971 3947 4255 6366 6358 1801 6561 6246
29 8044 993 7793 26 8950 9974 163 4298 9362 5146 615 5412 1319 9068 5994 278 3886 1225 7103 5605 6131 3053 2905 1375 5459 3607 9731 9109 6172
29 3104 2785 6463 8327 2746 6049 9272 2310 8316 5490 1899 8824 8938 2967 7587 1488 4509 2899 6054 8086 579 8408 7897 9170 1939 4698 8619 5473 9895
31 2635 9475 2830 5049 8400 2304 5658 8072 9229 5875 7405 290 2373 3490 4430 3199 2424 3344 1886 4648 6958 5288 6019 6080 8647 1454 6533 8484 7174 6898 4361
29 7760 3929 1491 2459 9454 2024 5857 6389 8005 465 7503 1630 1303 4180 8341 2193 7622 9776 424 4806 155 8344 8169 1790 251 5526 3468 9838 9307
30 1717 4768 8502 3533 8513 1442 4084 4309 3854 1485 5843 6357 7672 9187 3321 5230 2060 9264 3109 2700 7582 1026 8430 5019 4039 4020 6012 4643 1212 6148
29 1753 6671 6765 9884 5086 9147 8494 7356 5369 9818 3506 7059 3819 3377 8490 4113 8210 1073 9473 7507 6031 2476 1318 8363 7396 5787 5489 5284 9577
27 8730 3701 6032 3009 6280 7526 5315 1219 3313 521 9750 7300 918 2549 4614 3004 8259 8496 5807 160 783 3948 7542 2959 9866 2157 5885
27 6154 8017 5895 3391 8681 6267 1888 5090 3850 4533 5828 5840 9763 9588 8498 2309 6678 9005 2073 3200 9433 4705 9633 9030 2895 3444 8311
29 8364 4088 3598 8053 8250 8924 3858 2477 9442 6263 4223 2044 4749 2666 2741 8242 5287 7975 9875 6346 1814 9691 8902 7289 1543 4380 1027 8479 3767
29 9445 3911 7384 6102 5416 740 8679 8349 4931 9548 7334 9372 6951 3251 4448 9430 3641 716 4475 1084 1234 5339 6774 8112 5391 2828 4058 6061 7368
30 9180 3155 9727 5966 9606 5940 5542 3114 5177 8541 363 3280 5309 7007 2984 6483 1114 2740 5422 5799 657 9493 7452 312 9032 2709 5926 6094 2810 1199
31 2603 1785 4141 7205 7569 9699 4034 5860 4076 9571 5253 2132 3794 4290 116 6174 914 4883 2692 3596 7943 3788 1755 3526 351 5560 7746 8731 8353 8180 6491
27 8983 665 8906 1515 2439 3556 4017 1301 5350 4582 5869 8886 3786 5662 3319 2521 9316 5164 707 8719 3994 754 181 5685 1638 9431 4644
27 6347 417 1417 2168 9489 2129 888 1610 1074 6287 2539 9434 5720 234 1571 8461 5495 5853 5676 4859 7987 9342 7705 8776 4268 1791 969
28 7487 7694 8438 8471 167 6244 6854 3678 1852 7466 741 7072 4748 4213 7564 1161 744 4719 454 6401 366 9608 6782 4459 2329 2031 224 7649
30 4760 2648 3878 5156 4046 7845 1677 1222 8649 9339 1431 2760 5442 4132 4602 3963 6521 649 7428 5458 9271 118 7892 3996 4450 192 2999 3305 6647 694
30 7633 482 4390 5113 3264 4476 2992 8831 4452 8004 4647 1002 9466 3730 1135 4477 2821 6628 4812 6199 7940 3223 3165 8985 3729 6490 7261 8589 6179 9600
28 9662 6857 8464 3744 1276 7299 9975 3724 1248 4460 7935 1698 4603 5006 2278 52 3885 6775 3600 725 9306 5286 4008 196 9113 3218 362 2388
28 2086 1556 3698 7742 5868 6566 5170 1730 1971 3364 6999 8605 5993 895 4335 7081 7570 631 3395 2196 2074 826 9034 8846 4561 6320 5204 519
27 4077 9718 7251 1675 2323 8462 883 1354 3648 7336 642 7237 1661 30 6432 4470 5038 3714 6349 988 2117 9977 4490 1629 5698 4635 9138
29 3590 6791 9942 8919 3582 1260 1133 5433 6874 3130 1011 4440 5834 4919 2893 8095 618 1231 2259 5641 4709 5735 8633 2063 2478 9045 9573 9724 7207
28 7186 7115 5112 780 1257 4948 9622 9619 7390 7409 1215 4376 8384 1662 9681 9409 5464 7208 9521 8181 2438 6465 4510 79 1385 2371 3080 3082
28 4236 4503 4957 5520 3118 7691 7880 720 8123 5597 6862 4696 7118 1458 7069 5487 3125 7357 8098 1432 6733 5180 9886 8018 852 3826 4712 9604
31 2734 6812 7313 3765 2205 7707 6556 1055 1340 8036 2960 5059 7863 7941 2724 157 1664 4378 6617 812 3248 4513 3597 4173 3374 7342 7788 5729 4832 8898 6479
31 4967 3423 5673 5608 9940 3953 1016 5058 3103 3429 925 8652 9908 5018 5080 2056 533 4676 8867 3884 3007 9230 7548 8508 5085 2427 7616 172 1540 8879 3232
29 8724 9213 5197 5675 3518 2144 7185 6099 9310 1477 8511 2426 8721 4601 4829 1894 6323 6466 3056 4499 3357 5902 9623 7306 1287 5950 5928 9860 1648
28 352 9131 4824 4123 3346 6866 8914 4263 4888 2943 5291 5200 2973 585 958 6807 3325 9144 5087 1513 506 7101 5819 4228 4762 5257 2587 7527
30 2234 9141 6330 811 9251 3811 2358 9909 6902 8518 4432 5603 1460 92 9448 9931 6786 5239 1950 8156 9644 9519 9610 8179 5764 8712 166 6626 4364 5255
30 6096 6056 9814 8339 5511 3866 6444 6580 3090 5302 7078 7670 1708 8350 1972 3034 8942 8599 8702 1625 7241 8600 1455 9536 149 2862 4384 7764 7568 3227
28 5524 8366 2777 9559 2212 7637 572 1420 8700 3229 8623 2370 9278 5093 9712 1887 4054 7476 5139 2277 2471 1966 2796 8845 3451 7470 8307 2451
28 9826 5938 3746 5423 73 5125 3604 356 3166 5647 3434 5411 125 3723 1832 7218 9156 3089 658 767 3676 8433 2046 7164 8272 1150 5410 2980
31 9058 1134 9440 457 2012 2430 4192 7361 8718 5748 1007 7473 6651 3134 1091 3646 669 4125 8847 4868 1426 4876 7137 1782 823 3510 7463 6303 8774 4418 9346
30 1808 654 8246 2954 8717 2815 2394 8093 4734 5969 1089 4497 2857 4092 8963 2845 7013 3837 7210 9867 8208 827 6370 8763 5946 7508 103 7965 9882 5453
30 8598 3516 4922 910 7191 5148 949 6703 4950 8441 5704 21 2474 1085 5782 4598 3211 903 9553 8495 3245 8473 5264 9377 2115 6709 8895 5970 8167 1154
29 2864 6959 3476 3907 9678 5351 3871 9415 9308 6800 4882 9222 1352 245 6930 1088 4847 705 8525 6372 8071 6316 4326 1682 3710 9904 6189 7555 7414
31 6950 7148 9868 6416 422 4005 8257 6395 4589 4900 8325 6586 8335 3094 5962 8475 2979 6621 9647 2131 6193 1945 1274 8922 3426 4905 3717 7726 1211 1235 6906
29 4473 7642 3361 9522 7699 2147 4096 7117 8812 4055 4489 8943 4689 8482 1308 3437 2462 1341 3852 1101 4007 317 6579 2177 3943 1428 8585 2668 7417
29 5388 656 4327 7232 1681 4730 8572 9848 1602 5384 8153 2610 8435 1879 2739 6545 2484 6110 9901 6219 5743 1953 1857 894 5110 9774 9645 2582 592
29 3562 6597 2836 8949 404 4587 2840 4358 4880 4500 4822 6354 5290 9464 1145 9421 2108 6315 5980 1164 6641 423 8622 2926 8117 6074 3202 7996 6575
30 4904 1577 5756 7042 8083 5448 6985 6167 7240 8723 413 3035 5488 1321 2761 3108 8175 5199 6039 9083 7716 5933 267 8188 8203 5725 6008 950 3555 647
27 2583 4660 9219 8693 5671 6036 2541 5510 3508 7811 1919 412 5075 6540 9011 583 2684 4879 3342 3658 6840 2883 9025 2776 5621 8265 6627
29 7132 8205 2418 170 9139 9915 2608 2794 8687 1039 7131 644 2878 4343 6502 1382 8497 3327 8198 4899 6645 7818 3154 6431 7280 4197 4940 212 2423
29 2996 5941 2512 1863 6718 4903 3335 8506 2175 2646 5440 8437 8538 1406 1552 3370 8028 4035 4133 8580 458 4242 6541 6260 4381 4695 2985 2007 6207
30 804 3496 2855 667 6177 8966 2710 4472 5105 1519 2078 1867 4667 4382 1249 367 1977 8480 9266 19 6468 4816 1331 7360 4664 4702 6397 2829 2134 7796
29 9360 8177 2263 1059 3266 2138 3669 3520 7680 5070 1493 4100 986 8149 2077 3129 4893 481 7632 9965 8030 1110 932 4608 1316 3653 8187 2267 7364
28 8440 2604 9378 5308 5990 8320 9183 9084 2538 7036 1329 5352 6486 8807 5214 4538 2047 8304 3550 4233 9682 1328 7601 486 9064 2467 9404 4087
29 1492 4994 7698 5263 1562 4302 7054 794 5935 7876 3494 9072 2790 3132 3401 5546 2727 1033 9922 9897 9102 723 6858 485 2311 6798 2481 3188 1289
30 3766 666 9589 8027 7798 1855 6554 7464 7768 1725 576 8258 4401 8861 7150 3220 7171 6223 2663 4572 1729 1478 3823 1731 2812 1119 4274 7997 4771 1445
29 4501 9460 1407 4926 7436 6826 4395 9457 9885 9420 4374 6585 6429 2903 8124 9794 9659 2690 976 6558 1384 5814 9193 5629 4973 501 8062 277 3399
27 7222 702 9785 6313 4887 3541 8423 8904 5508 4443 8558 1261 8901 3470 7676 5357 1563 9000 6144 9496 8706 9924 1266 8305 3008 6843 5107
29 2191 5503 3312 2195 3680 2295 308 2027 2832 5142 3743 7188 9739 5427 8762 6226 5880 6249 2272 864 1722 3726 50 464 8695 8830 8037 2936 7234
31 5588 42 3991 4318 1325 678 3703 7988 3984 8874 7743 2763 9703 1044 7663 6873 5373 494 1351 3329 9783 6896 129 7562 6239 9291 6833 6637 6404 7533 2107
31 5254 3831 6669 626 7358 3932 5258 5360 2644 800 5343 8309 4782 5289 3415 4420 9707 1496 2697 6387 8608 7640 9834 8428 607 4959 9208 5256 9444 7165 7010
28 9858 6214 563 1964 2049 5522 1004 5639 2542 4334 5420 6510 5073 5767 8732 8087 5631 2045 9199 8091 8411 7480 3219 3859 4437 8744 2528 7264
29 9435 6021 551 1862 3417 6753 456 4524 902 2071 6856 9332 2520 4090 5067 2581 2445 8900 72 6525 9114 6848 1811 2398 9476 7089 4714 7908 6091
7 4065 1817 1247 502 4219 6869 1760
9 2563 7984 736 9129 1715 610 4116 9240 4264
14 3856 5965 4151 1631 8281 4969 5053 8238 5314 822 3356 909 3942 4148
18 3216 8407 5467 5865 9052 3050 8266 2673 8264 1897 3989 6893 8769 7308 8864 7844 7124 3567
23 1408 3902 4260 5041 7581 3844 4227 5901 7028 8000 6277 991 2255 2852 4986 7146 2872 6384 1611 8537 5179 867 9649
24 1030 281 9128 5999 171 2920 6994 5862 7765 3791 2153 9618 8007 2982 5730 335 9174 1480 5630 1008 8101 3977 1878 3015
26 3042 2414 3119 7689 2736 9790 232 3741 9986 261 1269 7284 9677 3360 3065 9299 7515 4492 6124 7684 5335 1357 4729 2336 7505 5275
